[debug] [2025-07-06T12:37:03.621Z] ----------------------------------------------------------------------
[debug] [2025-07-06T12:37:03.623Z] Command:       /opt/homebrew/Cellar/node/24.2.0/bin/node /opt/homebrew/bin/firebase deploy --only functions --debug
[debug] [2025-07-06T12:37:03.624Z] CLI Version:   14.9.0
[debug] [2025-07-06T12:37:03.624Z] Platform:      darwin
[debug] [2025-07-06T12:37:03.624Z] Node Version:  v24.2.0
[debug] [2025-07-06T12:37:03.624Z] Time:          Sun Jul 06 2025 15:37:03 GMT+0300 (GMT+03:00)
[debug] [2025-07-06T12:37:03.624Z] ----------------------------------------------------------------------
[debug] 
[debug] [2025-07-06T12:37:03.734Z] > command requires scopes: ["email","openid","https://www.googleapis.com/auth/cloudplatformprojects.readonly","https://www.googleapis.com/auth/firebase","https://www.googleapis.com/auth/cloud-platform"]
[debug] [2025-07-06T12:37:03.734Z] > authorizing via signed-in user (yikilmaz.bilal@gmail.com)
[debug] [2025-07-06T12:37:03.734Z] [iam] checking project quickutil-d2998 for permissions ["cloudfunctions.functions.create","cloudfunctions.functions.delete","cloudfunctions.functions.get","cloudfunctions.functions.list","cloudfunctions.functions.update","cloudfunctions.operations.get","firebase.projects.get"]
[debug] [2025-07-06T12:37:03.735Z] Checked if tokens are valid: true, expires at: 1751807413844
[debug] [2025-07-06T12:37:03.735Z] Checked if tokens are valid: true, expires at: 1751807413844
[debug] [2025-07-06T12:37:03.735Z] >>> [apiv2][query] POST https://cloudresourcemanager.googleapis.com/v1/projects/quickutil-d2998:testIamPermissions [none]
[debug] [2025-07-06T12:37:03.735Z] >>> [apiv2][(partial)header] POST https://cloudresourcemanager.googleapis.com/v1/projects/quickutil-d2998:testIamPermissions x-goog-quota-user=projects/quickutil-d2998
[debug] [2025-07-06T12:37:03.735Z] >>> [apiv2][body] POST https://cloudresourcemanager.googleapis.com/v1/projects/quickutil-d2998:testIamPermissions {"permissions":["cloudfunctions.functions.create","cloudfunctions.functions.delete","cloudfunctions.functions.get","cloudfunctions.functions.list","cloudfunctions.functions.update","cloudfunctions.operations.get","firebase.projects.get"]}
[debug] [2025-07-06T12:37:04.652Z] <<< [apiv2][status] POST https://cloudresourcemanager.googleapis.com/v1/projects/quickutil-d2998:testIamPermissions 200
[debug] [2025-07-06T12:37:04.653Z] <<< [apiv2][body] POST https://cloudresourcemanager.googleapis.com/v1/projects/quickutil-d2998:testIamPermissions {"permissions":["cloudfunctions.functions.create","cloudfunctions.functions.delete","cloudfunctions.functions.get","cloudfunctions.functions.list","cloudfunctions.functions.update","cloudfunctions.operations.get","firebase.projects.get"]}
[debug] [2025-07-06T12:37:04.653Z] Checked if tokens are valid: true, expires at: 1751807413844
[debug] [2025-07-06T12:37:04.653Z] Checked if tokens are valid: true, expires at: 1751807413844
[debug] [2025-07-06T12:37:04.653Z] >>> [apiv2][query] POST https://iam.googleapis.com/v1/projects/quickutil-d2998/serviceAccounts/quickutil-d2998@appspot.gserviceaccount.com:testIamPermissions [none]
[debug] [2025-07-06T12:37:04.653Z] >>> [apiv2][body] POST https://iam.googleapis.com/v1/projects/quickutil-d2998/serviceAccounts/quickutil-d2998@appspot.gserviceaccount.com:testIamPermissions {"permissions":["iam.serviceAccounts.actAs"]}
[debug] [2025-07-06T12:37:05.568Z] <<< [apiv2][status] POST https://iam.googleapis.com/v1/projects/quickutil-d2998/serviceAccounts/quickutil-d2998@appspot.gserviceaccount.com:testIamPermissions 200
[debug] [2025-07-06T12:37:05.568Z] <<< [apiv2][body] POST https://iam.googleapis.com/v1/projects/quickutil-d2998/serviceAccounts/quickutil-d2998@appspot.gserviceaccount.com:testIamPermissions {"permissions":["iam.serviceAccounts.actAs"]}
[info] 
[info] === Deploying to 'quickutil-d2998'...
[info] 
[info] i  deploying functions 
[info] Running command: npm --prefix "$RESOURCE_DIR" run lint
[error] 
[error] Error: functions predeploy error: Command terminated with non-zero exit code 2
