[debug] [2025-07-06T17:54:34.086Z] ----------------------------------------------------------------------
[debug] [2025-07-06T17:54:34.091Z] Command:       /opt/homebrew/Cellar/node/24.2.0/bin/node /opt/homebrew/bin/firebase deploy
[debug] [2025-07-06T17:54:34.091Z] CLI Version:   14.9.0
[debug] [2025-07-06T17:54:34.091Z] Platform:      darwin
[debug] [2025-07-06T17:54:34.091Z] Node Version:  v24.2.0
[debug] [2025-07-06T17:54:34.091Z] Time:          Sun Jul 06 2025 20:54:34 GMT+0300 (GMT+03:00)
[debug] [2025-07-06T17:54:34.092Z] ----------------------------------------------------------------------
[debug] 
[debug] [2025-07-06T17:54:34.221Z] > command requires scopes: ["email","openid","https://www.googleapis.com/auth/cloudplatformprojects.readonly","https://www.googleapis.com/auth/firebase","https://www.googleapis.com/auth/cloud-platform"]
[debug] [2025-07-06T17:54:34.221Z] > authorizing via signed-in user (yikilmaz.bilal@gmail.com)
[debug] [2025-07-06T17:54:34.222Z] [iam] checking project quickutil-d2998 for permissions ["cloudfunctions.functions.create","cloudfunctions.functions.delete","cloudfunctions.functions.get","cloudfunctions.functions.list","cloudfunctions.functions.update","cloudfunctions.operations.get","datastore.indexes.create","datastore.indexes.delete","datastore.indexes.list","datastore.indexes.update","firebase.projects.get","firebasehosting.sites.update","firebaserules.releases.create","firebaserules.releases.update","firebaserules.rulesets.create"]
[debug] [2025-07-06T17:54:34.222Z] Checked if tokens are valid: true, expires at: 1751826298410
[debug] [2025-07-06T17:54:34.222Z] Checked if tokens are valid: true, expires at: 1751826298410
[debug] [2025-07-06T17:54:34.223Z] >>> [apiv2][query] POST https://cloudresourcemanager.googleapis.com/v1/projects/quickutil-d2998:testIamPermissions [none]
[debug] [2025-07-06T17:54:34.223Z] >>> [apiv2][(partial)header] POST https://cloudresourcemanager.googleapis.com/v1/projects/quickutil-d2998:testIamPermissions x-goog-quota-user=projects/quickutil-d2998
[debug] [2025-07-06T17:54:34.223Z] >>> [apiv2][body] POST https://cloudresourcemanager.googleapis.com/v1/projects/quickutil-d2998:testIamPermissions {"permissions":["cloudfunctions.functions.create","cloudfunctions.functions.delete","cloudfunctions.functions.get","cloudfunctions.functions.list","cloudfunctions.functions.update","cloudfunctions.operations.get","datastore.indexes.create","datastore.indexes.delete","datastore.indexes.list","datastore.indexes.update","firebase.projects.get","firebasehosting.sites.update","firebaserules.releases.create","firebaserules.releases.update","firebaserules.rulesets.create"]}
[debug] [2025-07-06T17:54:35.207Z] <<< [apiv2][status] POST https://cloudresourcemanager.googleapis.com/v1/projects/quickutil-d2998:testIamPermissions 200
[debug] [2025-07-06T17:54:35.208Z] <<< [apiv2][body] POST https://cloudresourcemanager.googleapis.com/v1/projects/quickutil-d2998:testIamPermissions {"permissions":["cloudfunctions.functions.create","cloudfunctions.functions.delete","cloudfunctions.functions.get","cloudfunctions.functions.list","cloudfunctions.functions.update","cloudfunctions.operations.get","datastore.indexes.create","datastore.indexes.delete","datastore.indexes.list","datastore.indexes.update","firebase.projects.get","firebasehosting.sites.update","firebaserules.releases.create","firebaserules.releases.update","firebaserules.rulesets.create"]}
[debug] [2025-07-06T17:54:35.208Z] Checked if tokens are valid: true, expires at: 1751826298410
[debug] [2025-07-06T17:54:35.208Z] Checked if tokens are valid: true, expires at: 1751826298410
[debug] [2025-07-06T17:54:35.208Z] >>> [apiv2][query] POST https://iam.googleapis.com/v1/projects/quickutil-d2998/serviceAccounts/quickutil-d2998@appspot.gserviceaccount.com:testIamPermissions [none]
[debug] [2025-07-06T17:54:35.208Z] >>> [apiv2][body] POST https://iam.googleapis.com/v1/projects/quickutil-d2998/serviceAccounts/quickutil-d2998@appspot.gserviceaccount.com:testIamPermissions {"permissions":["iam.serviceAccounts.actAs"]}
[debug] [2025-07-06T17:54:36.157Z] <<< [apiv2][status] POST https://iam.googleapis.com/v1/projects/quickutil-d2998/serviceAccounts/quickutil-d2998@appspot.gserviceaccount.com:testIamPermissions 200
[debug] [2025-07-06T17:54:36.157Z] <<< [apiv2][body] POST https://iam.googleapis.com/v1/projects/quickutil-d2998/serviceAccounts/quickutil-d2998@appspot.gserviceaccount.com:testIamPermissions {"permissions":["iam.serviceAccounts.actAs"]}
[debug] [2025-07-06T17:54:36.158Z] Checked if tokens are valid: true, expires at: 1751826298410
[debug] [2025-07-06T17:54:36.158Z] Checked if tokens are valid: true, expires at: 1751826298410
[debug] [2025-07-06T17:54:36.158Z] >>> [apiv2][query] GET https://firebase.googleapis.com/v1beta1/projects/quickutil-d2998 [none]
[debug] [2025-07-06T17:54:36.491Z] <<< [apiv2][status] GET https://firebase.googleapis.com/v1beta1/projects/quickutil-d2998 200
[debug] [2025-07-06T17:54:36.491Z] <<< [apiv2][body] GET https://firebase.googleapis.com/v1beta1/projects/quickutil-d2998 {"projectId":"quickutil-d2998","projectNumber":"768751015182","displayName":"quickutil","name":"projects/quickutil-d2998","resources":{"hostingSite":"quickutil-d2998"},"state":"ACTIVE","etag":"1_4db9f612-78a2-42b6-ae79-ac8d7379e160"}
[info] 
[info] === Deploying to 'quickutil-d2998'...
[info] 
[info] i  deploying storage, firestore, functions, hosting 
[info] i  storage: ensuring required API firebasestorage.googleapis.com is enabled... 
[debug] [2025-07-06T17:54:36.494Z] Checked if tokens are valid: true, expires at: 1751826298410
[debug] [2025-07-06T17:54:36.494Z] Checked if tokens are valid: true, expires at: 1751826298410
[debug] [2025-07-06T17:54:36.494Z] >>> [apiv2][query] GET https://firebasestorage.googleapis.com/v1alpha/projects/quickutil-d2998/defaultBucket [none]
[debug] [2025-07-06T17:54:36.956Z] <<< [apiv2][status] GET https://firebasestorage.googleapis.com/v1alpha/projects/quickutil-d2998/defaultBucket 200
[debug] [2025-07-06T17:54:36.956Z] <<< [apiv2][body] GET https://firebasestorage.googleapis.com/v1alpha/projects/quickutil-d2998/defaultBucket {"name":"projects/quickutil-d2998/defaultBucket","location":"US-CENTRAL1","bucket":{"name":"projects/quickutil-d2998/buckets/quickutil-d2998.firebasestorage.app"},"storageClass":"REGIONAL"}
[info] i  firebase.storage: checking storage.rules for compilation errors... 
[debug] [2025-07-06T17:54:36.957Z] Checked if tokens are valid: true, expires at: 1751826298410
[debug] [2025-07-06T17:54:36.957Z] Checked if tokens are valid: true, expires at: 1751826298410
[debug] [2025-07-06T17:54:36.957Z] >>> [apiv2][query] POST https://firebaserules.googleapis.com/v1/projects/quickutil-d2998:test [none]
[debug] [2025-07-06T17:54:36.957Z] >>> [apiv2][body] POST https://firebaserules.googleapis.com/v1/projects/quickutil-d2998:test [omitted]
[debug] [2025-07-06T17:54:37.812Z] <<< [apiv2][status] POST https://firebaserules.googleapis.com/v1/projects/quickutil-d2998:test 200
[debug] [2025-07-06T17:54:37.812Z] <<< [apiv2][body] POST https://firebaserules.googleapis.com/v1/projects/quickutil-d2998:test {}
[info] ✔  firebase.storage: rules file storage.rules compiled successfully 
[info] i  firestore: reading indexes from firestore.indexes.json... 
[info] i  cloud.firestore: checking firestore.rules for compilation errors... 
[debug] [2025-07-06T17:54:37.814Z] Checked if tokens are valid: true, expires at: 1751826298410
[debug] [2025-07-06T17:54:37.814Z] Checked if tokens are valid: true, expires at: 1751826298410
[debug] [2025-07-06T17:54:37.814Z] >>> [apiv2][query] POST https://firebaserules.googleapis.com/v1/projects/quickutil-d2998:test [none]
[debug] [2025-07-06T17:54:37.814Z] >>> [apiv2][body] POST https://firebaserules.googleapis.com/v1/projects/quickutil-d2998:test [omitted]
[debug] [2025-07-06T17:54:38.540Z] <<< [apiv2][status] POST https://firebaserules.googleapis.com/v1/projects/quickutil-d2998:test 200
[debug] [2025-07-06T17:54:38.540Z] <<< [apiv2][body] POST https://firebaserules.googleapis.com/v1/projects/quickutil-d2998:test {}
[info] ✔  cloud.firestore: rules file firestore.rules compiled successfully 
[debug] [2025-07-06T17:54:38.541Z] Checked if tokens are valid: true, expires at: 1751826298410
[debug] [2025-07-06T17:54:38.542Z] Checked if tokens are valid: true, expires at: 1751826298410
[debug] [2025-07-06T17:54:38.542Z] >>> [apiv2][query] GET https://cloudresourcemanager.googleapis.com/v1/projects/quickutil-d2998 [none]
[debug] [2025-07-06T17:54:38.747Z] <<< [apiv2][status] GET https://cloudresourcemanager.googleapis.com/v1/projects/quickutil-d2998 200
[debug] [2025-07-06T17:54:38.748Z] <<< [apiv2][body] GET https://cloudresourcemanager.googleapis.com/v1/projects/quickutil-d2998 {"projectNumber":"768751015182","projectId":"quickutil-d2998","lifecycleState":"ACTIVE","name":"quickutil","labels":{"firebase":"enabled","firebase-core":"disabled"},"createTime":"2025-07-05T10:13:28.741001Z"}
[info] i  functions: preparing codebase default for deployment 
[info] i  functions: ensuring required API cloudfunctions.googleapis.com is enabled... 
[info] i  functions: ensuring required API cloudbuild.googleapis.com is enabled... 
[info] i  artifactregistry: ensuring required API artifactregistry.googleapis.com is enabled... 
[debug] [2025-07-06T17:54:38.749Z] Checked if tokens are valid: true, expires at: 1751826298410
[debug] [2025-07-06T17:54:38.749Z] Checked if tokens are valid: true, expires at: 1751826298410
[debug] [2025-07-06T17:54:38.749Z] >>> [apiv2][query] GET https://firebase.googleapis.com/v1beta1/projects/quickutil-d2998/adminSdkConfig [none]
[debug] [2025-07-06T17:54:39.184Z] <<< [apiv2][status] GET https://firebase.googleapis.com/v1beta1/projects/quickutil-d2998/adminSdkConfig 200
[debug] [2025-07-06T17:54:39.184Z] <<< [apiv2][body] GET https://firebase.googleapis.com/v1beta1/projects/quickutil-d2998/adminSdkConfig {"projectId":"quickutil-d2998","storageBucket":"quickutil-d2998.firebasestorage.app"}
[debug] [2025-07-06T17:54:39.185Z] Checked if tokens are valid: true, expires at: 1751826298410
[debug] [2025-07-06T17:54:39.185Z] Checked if tokens are valid: true, expires at: 1751826298410
[debug] [2025-07-06T17:54:39.185Z] >>> [apiv2][query] GET https://runtimeconfig.googleapis.com/v1beta1/projects/quickutil-d2998/configs [none]
[debug] [2025-07-06T17:54:39.555Z] <<< [apiv2][status] GET https://runtimeconfig.googleapis.com/v1beta1/projects/quickutil-d2998/configs 200
[debug] [2025-07-06T17:54:39.555Z] <<< [apiv2][body] GET https://runtimeconfig.googleapis.com/v1beta1/projects/quickutil-d2998/configs {"configs":[{"name":"projects/quickutil-d2998/configs/google"},{"name":"projects/quickutil-d2998/configs/resend"}]}
[debug] [2025-07-06T17:54:39.556Z] Checked if tokens are valid: true, expires at: 1751826298410
[debug] [2025-07-06T17:54:39.556Z] Checked if tokens are valid: true, expires at: 1751826298410
[debug] [2025-07-06T17:54:39.556Z] Checked if tokens are valid: true, expires at: 1751826298410
[debug] [2025-07-06T17:54:39.556Z] Checked if tokens are valid: true, expires at: 1751826298410
[debug] [2025-07-06T17:54:39.556Z] >>> [apiv2][query] GET https://runtimeconfig.googleapis.com/v1beta1/projects/quickutil-d2998/configs/google/variables [none]
[debug] [2025-07-06T17:54:39.556Z] >>> [apiv2][query] GET https://runtimeconfig.googleapis.com/v1beta1/projects/quickutil-d2998/configs/resend/variables [none]
[debug] [2025-07-06T17:54:39.782Z] <<< [apiv2][status] GET https://runtimeconfig.googleapis.com/v1beta1/projects/quickutil-d2998/configs/google/variables 200
[debug] [2025-07-06T17:54:39.782Z] <<< [apiv2][body] GET https://runtimeconfig.googleapis.com/v1beta1/projects/quickutil-d2998/configs/google/variables {"variables":[{"name":"projects/quickutil-d2998/configs/google/variables/client_email","updateTime":"2025-07-06T15:26:33.398316081Z"},{"name":"projects/quickutil-d2998/configs/google/variables/client_id","updateTime":"2025-07-06T15:01:14.607908860Z"},{"name":"projects/quickutil-d2998/configs/google/variables/private_key_id","updateTime":"2025-07-06T15:00:57.144638947Z"}]}
[debug] [2025-07-06T17:54:39.782Z] Checked if tokens are valid: true, expires at: 1751826298410
[debug] [2025-07-06T17:54:39.782Z] Checked if tokens are valid: true, expires at: 1751826298410
[debug] [2025-07-06T17:54:39.782Z] Checked if tokens are valid: true, expires at: 1751826298410
[debug] [2025-07-06T17:54:39.782Z] Checked if tokens are valid: true, expires at: 1751826298410
[debug] [2025-07-06T17:54:39.782Z] Checked if tokens are valid: true, expires at: 1751826298410
[debug] [2025-07-06T17:54:39.782Z] Checked if tokens are valid: true, expires at: 1751826298410
[debug] [2025-07-06T17:54:39.782Z] >>> [apiv2][query] GET https://runtimeconfig.googleapis.com/v1beta1/projects/quickutil-d2998/configs/google/variables/client_email [none]
[debug] [2025-07-06T17:54:39.782Z] >>> [apiv2][query] GET https://runtimeconfig.googleapis.com/v1beta1/projects/quickutil-d2998/configs/google/variables/client_id [none]
[debug] [2025-07-06T17:54:39.784Z] >>> [apiv2][query] GET https://runtimeconfig.googleapis.com/v1beta1/projects/quickutil-d2998/configs/google/variables/private_key_id [none]
[debug] [2025-07-06T17:54:39.853Z] <<< [apiv2][status] GET https://runtimeconfig.googleapis.com/v1beta1/projects/quickutil-d2998/configs/resend/variables 200
[debug] [2025-07-06T17:54:39.853Z] <<< [apiv2][body] GET https://runtimeconfig.googleapis.com/v1beta1/projects/quickutil-d2998/configs/resend/variables {"variables":[{"name":"projects/quickutil-d2998/configs/resend/variables/key","updateTime":"2025-07-06T12:36:29.804327859Z"}]}
[debug] [2025-07-06T17:54:39.853Z] Checked if tokens are valid: true, expires at: 1751826298410
[debug] [2025-07-06T17:54:39.853Z] Checked if tokens are valid: true, expires at: 1751826298410
[debug] [2025-07-06T17:54:39.853Z] >>> [apiv2][query] GET https://runtimeconfig.googleapis.com/v1beta1/projects/quickutil-d2998/configs/resend/variables/key [none]
[debug] [2025-07-06T17:54:40.006Z] <<< [apiv2][status] GET https://runtimeconfig.googleapis.com/v1beta1/projects/quickutil-d2998/configs/google/variables/client_email 200
[debug] [2025-07-06T17:54:40.007Z] <<< [apiv2][body] GET https://runtimeconfig.googleapis.com/v1beta1/projects/quickutil-d2998/configs/google/variables/client_email {"name":"projects/quickutil-d2998/configs/google/variables/client_email","updateTime":"2025-07-06T15:26:33.398316081Z","text":"quickutil-drive@quickutil-d2998.iam.gserviceaccount.com"}
[debug] [2025-07-06T17:54:40.066Z] <<< [apiv2][status] GET https://runtimeconfig.googleapis.com/v1beta1/projects/quickutil-d2998/configs/google/variables/private_key_id 200
[debug] [2025-07-06T17:54:40.066Z] <<< [apiv2][body] GET https://runtimeconfig.googleapis.com/v1beta1/projects/quickutil-d2998/configs/google/variables/private_key_id {"name":"projects/quickutil-d2998/configs/google/variables/private_key_id","updateTime":"2025-07-06T15:00:57.144638947Z","text":"3fcd81d8b7fb825f7b38477126a38a46d032ce0d"}
[debug] [2025-07-06T17:54:40.066Z] <<< [apiv2][status] GET https://runtimeconfig.googleapis.com/v1beta1/projects/quickutil-d2998/configs/resend/variables/key 200
[debug] [2025-07-06T17:54:40.066Z] <<< [apiv2][body] GET https://runtimeconfig.googleapis.com/v1beta1/projects/quickutil-d2998/configs/resend/variables/key {"name":"projects/quickutil-d2998/configs/resend/variables/key","updateTime":"2025-07-06T12:36:29.804327859Z","text":"re_YgufSHZ3_BBdMFAdaBPwWUFvtLcZk7KLk"}
[debug] [2025-07-06T17:54:40.080Z] <<< [apiv2][status] GET https://runtimeconfig.googleapis.com/v1beta1/projects/quickutil-d2998/configs/google/variables/client_id 200
[debug] [2025-07-06T17:54:40.080Z] <<< [apiv2][body] GET https://runtimeconfig.googleapis.com/v1beta1/projects/quickutil-d2998/configs/google/variables/client_id {"name":"projects/quickutil-d2998/configs/google/variables/client_id","updateTime":"2025-07-06T15:01:14.607908860Z","text":"101417693301424652030"}
[debug] [2025-07-06T17:54:40.081Z] Validating nodejs source
[warn] ⚠  functions: Runtime Node.js 18 was deprecated on 2025-04-30 and will be decommissioned on 2025-10-30, after which you will not be able to deploy without upgrading. Consider upgrading now to avoid disruption. See https://cloud.google.com/functions/docs/runtime-support for full details on the lifecycle policy 
[warn] ⚠  functions: package.json indicates an outdated version of firebase-functions. Please upgrade using npm install --save firebase-functions@latest in your functions directory. 
[warn] ⚠  functions: Please note that there will be breaking changes when you upgrade. 
[debug] [2025-07-06T17:54:40.543Z] > [functions] package.json contents: {
  "name": "functions",
  "version": "1.0.0",
  "description": "QuickUtil.app Firebase Functions - Server-side Google Drive Integration",
  "main": "index.js",
  "scripts": {
    "lint": "eslint .",
    "serve": "firebase emulators:start --only functions",
    "shell": "firebase functions:shell",
    "start": "npm run shell",
    "deploy": "firebase deploy --only functions",
    "logs": "firebase functions:log",
    "test": "echo \"Error: no test specified\" && exit 1"
  },
  "engines": {
    "node": "18"
  },
  "keywords": [
    "firebase",
    "functions",
    "google-drive",
    "pdf",
    "file-processing"
  ],
  "author": "QuickUtil.app",
  "license": "ISC",
  "type": "commonjs",
  "dependencies": {
    "firebase-functions": "^5.1.1",
    "firebase-admin": "^12.0.0",
    "googleapis": "^144.0.0",
    "busboy": "^1.6.0"
  },
  "devDependencies": {
    "eslint": "^8.15.0",
    "eslint-config-google": "^0.14.0"
  }
}
[debug] [2025-07-06T17:54:40.543Z] Building nodejs source
[info] i  functions: Loading and analyzing source code for codebase default to determine what to deploy 
[debug] [2025-07-06T17:54:40.544Z] Could not find functions.yaml. Must use http discovery
[debug] [2025-07-06T17:54:40.548Z] Found firebase-functions binary at '/Users/bilalyikilmaz/Desktop/pdfcompress.io/functions/node_modules/.bin/firebase-functions'
[info] Serving at port 8466

[debug] [2025-07-06T17:54:41.590Z] Got response from /__/functions.yaml {"endpoints":{"healthCheck":{"platform":"gcfv1","availableMemoryMb":null,"timeoutSeconds":null,"minInstances":null,"maxInstances":null,"ingressSettings":null,"serviceAccountEmail":null,"vpc":null,"httpsTrigger":{},"entryPoint":"healthCheck"},"uploadFile":{"platform":"gcfv1","availableMemoryMb":null,"timeoutSeconds":null,"minInstances":null,"maxInstances":null,"ingressSettings":null,"serviceAccountEmail":null,"vpc":null,"httpsTrigger":{},"entryPoint":"uploadFile"},"listFiles":{"platform":"gcfv1","availableMemoryMb":null,"timeoutSeconds":null,"minInstances":null,"maxInstances":null,"ingressSettings":null,"serviceAccountEmail":null,"vpc":null,"httpsTrigger":{},"entryPoint":"listFiles"},"deleteFile":{"platform":"gcfv1","availableMemoryMb":null,"timeoutSeconds":null,"minInstances":null,"maxInstances":null,"ingressSettings":null,"serviceAccountEmail":null,"vpc":null,"httpsTrigger":{},"entryPoint":"deleteFile"},"downloadFile":{"platform":"gcfv1","availableMemoryMb":null,"timeoutSeconds":null,"minInstances":null,"maxInstances":null,"ingressSettings":null,"serviceAccountEmail":null,"vpc":null,"httpsTrigger":{},"entryPoint":"downloadFile"},"getQuotaInfo":{"platform":"gcfv1","availableMemoryMb":null,"timeoutSeconds":null,"minInstances":null,"maxInstances":null,"ingressSettings":null,"serviceAccountEmail":null,"vpc":null,"httpsTrigger":{},"entryPoint":"getQuotaInfo"}},"specVersion":"v1alpha1","requiredAPIs":[],"extensions":{}}
[info] i  extensions: ensuring required API firebaseextensions.googleapis.com is enabled... 
[debug] [2025-07-06T17:54:45.619Z] > command requires scopes: ["email","openid","https://www.googleapis.com/auth/cloudplatformprojects.readonly","https://www.googleapis.com/auth/firebase","https://www.googleapis.com/auth/cloud-platform"]
[debug] [2025-07-06T17:54:45.619Z] > authorizing via signed-in user (yikilmaz.bilal@gmail.com)
[debug] [2025-07-06T17:54:45.619Z] [iam] checking project quickutil-d2998 for permissions ["firebase.projects.get","firebaseextensions.instances.list"]
[debug] [2025-07-06T17:54:45.619Z] Checked if tokens are valid: true, expires at: 1751826298410
[debug] [2025-07-06T17:54:45.619Z] Checked if tokens are valid: true, expires at: 1751826298410
[debug] [2025-07-06T17:54:45.619Z] >>> [apiv2][query] POST https://cloudresourcemanager.googleapis.com/v1/projects/quickutil-d2998:testIamPermissions [none]
[debug] [2025-07-06T17:54:45.619Z] >>> [apiv2][(partial)header] POST https://cloudresourcemanager.googleapis.com/v1/projects/quickutil-d2998:testIamPermissions x-goog-quota-user=projects/quickutil-d2998
[debug] [2025-07-06T17:54:45.619Z] >>> [apiv2][body] POST https://cloudresourcemanager.googleapis.com/v1/projects/quickutil-d2998:testIamPermissions {"permissions":["firebase.projects.get","firebaseextensions.instances.list"]}
[debug] [2025-07-06T17:54:46.519Z] <<< [apiv2][status] POST https://cloudresourcemanager.googleapis.com/v1/projects/quickutil-d2998:testIamPermissions 200
[debug] [2025-07-06T17:54:46.519Z] <<< [apiv2][body] POST https://cloudresourcemanager.googleapis.com/v1/projects/quickutil-d2998:testIamPermissions {"permissions":["firebase.projects.get","firebaseextensions.instances.list"]}
[debug] [2025-07-06T17:54:46.519Z] Checked if tokens are valid: true, expires at: 1751826298410
[debug] [2025-07-06T17:54:46.519Z] Checked if tokens are valid: true, expires at: 1751826298410
[debug] [2025-07-06T17:54:46.520Z] >>> [apiv2][query] GET https://firebaseextensions.googleapis.com/v1beta/projects/quickutil-d2998/instances pageSize=100&pageToken=
[debug] [2025-07-06T17:54:47.586Z] <<< [apiv2][status] GET https://firebaseextensions.googleapis.com/v1beta/projects/quickutil-d2998/instances 200
[debug] [2025-07-06T17:54:47.586Z] <<< [apiv2][body] GET https://firebaseextensions.googleapis.com/v1beta/projects/quickutil-d2998/instances {}
[info] i  functions: preparing functions directory for uploading... 
[info] i  functions: packaged /Users/bilalyikilmaz/Desktop/pdfcompress.io/functions (51.61 KB) for uploading 
[debug] [2025-07-06T17:54:47.613Z] Checked if tokens are valid: true, expires at: 1751826298410
[debug] [2025-07-06T17:54:47.613Z] Checked if tokens are valid: true, expires at: 1751826298410
[debug] [2025-07-06T17:54:47.613Z] >>> [apiv2][query] GET https://cloudfunctions.googleapis.com/v1/projects/quickutil-d2998/locations/-/functions [none]
[debug] [2025-07-06T17:54:48.331Z] <<< [apiv2][status] GET https://cloudfunctions.googleapis.com/v1/projects/quickutil-d2998/locations/-/functions 200
[debug] [2025-07-06T17:54:48.331Z] <<< [apiv2][body] GET https://cloudfunctions.googleapis.com/v1/projects/quickutil-d2998/locations/-/functions {"functions":[{"name":"projects/quickutil-d2998/locations/us-central1/functions/getQuotaInfo","httpsTrigger":{"url":"https://us-central1-quickutil-d2998.cloudfunctions.net/getQuotaInfo","securityLevel":"SECURE_ALWAYS"},"status":"ACTIVE","entryPoint":"getQuotaInfo","timeout":"60s","availableMemoryMb":256,"serviceAccountEmail":"quickutil-d2998@appspot.gserviceaccount.com","updateTime":"2025-07-06T16:22:23.877846947Z","versionId":"1","labels":{"deployment-tool":"cli-firebase","firebase-functions-hash":"061a48b4edcf815684cc24e4358539b23eeb3ed6"},"sourceUploadUrl":"https://storage.googleapis.com/uploads-546672387594.us-central1.cloudfunctions.appspot.com/55b3d1da-aed8-479b-b85a-98b52b6be476.zip","environmentVariables":{"FIREBASE_CONFIG":"{\"projectId\":\"quickutil-d2998\",\"storageBucket\":\"quickutil-d2998.firebasestorage.app\"}","GCLOUD_PROJECT":"quickutil-d2998","EVENTARC_CLOUD_EVENT_SOURCE":"projects/quickutil-d2998/locations/us-central1/functions/getQuotaInfo"},"runtime":"nodejs18","ingressSettings":"ALLOW_ALL","buildId":"3d39e9f3-bd65-47b0-a377-9d4da885e357","buildEnvironmentVariables":{"GOOGLE_NODE_RUN_SCRIPTS":""},"buildName":"projects/768751015182/locations/us-central1/builds/3d39e9f3-bd65-47b0-a377-9d4da885e357","dockerRegistry":"ARTIFACT_REGISTRY","automaticUpdatePolicy":{},"buildServiceAccount":"projects/quickutil-d2998/serviceAccounts/768751015182-compute@developer.gserviceaccount.com","satisfiesPzi":true},{"name":"projects/quickutil-d2998/locations/us-central1/functions/downloadFile","httpsTrigger":{"url":"https://us-central1-quickutil-d2998.cloudfunctions.net/downloadFile","securityLevel":"SECURE_ALWAYS"},"status":"ACTIVE","entryPoint":"downloadFile","timeout":"60s","availableMemoryMb":256,"serviceAccountEmail":"quickutil-d2998@appspot.gserviceaccount.com","updateTime":"2025-07-06T16:21:44.384770431Z","versionId":"1","labels":{"deployment-tool":"cli-firebase","firebase-functions-hash":"061a48b4edcf815684cc24e4358539b23eeb3ed6"},"sourceUploadUrl":"https://storage.googleapis.com/uploads-546672387594.us-central1.cloudfunctions.appspot.com/55b3d1da-aed8-479b-b85a-98b52b6be476.zip","environmentVariables":{"FIREBASE_CONFIG":"{\"projectId\":\"quickutil-d2998\",\"storageBucket\":\"quickutil-d2998.firebasestorage.app\"}","GCLOUD_PROJECT":"quickutil-d2998","EVENTARC_CLOUD_EVENT_SOURCE":"projects/quickutil-d2998/locations/us-central1/functions/downloadFile"},"runtime":"nodejs18","ingressSettings":"ALLOW_ALL","buildId":"3d39e9f3-bd65-47b0-a377-9d4da885e357","buildEnvironmentVariables":{"GOOGLE_NODE_RUN_SCRIPTS":""},"buildName":"projects/768751015182/locations/us-central1/builds/3d39e9f3-bd65-47b0-a377-9d4da885e357","dockerRegistry":"ARTIFACT_REGISTRY","automaticUpdatePolicy":{},"buildServiceAccount":"projects/quickutil-d2998/serviceAccounts/768751015182-compute@developer.gserviceaccount.com","satisfiesPzi":true},{"name":"projects/quickutil-d2998/locations/us-central1/functions/uploadFile","httpsTrigger":{"url":"https://us-central1-quickutil-d2998.cloudfunctions.net/uploadFile","securityLevel":"SECURE_ALWAYS"},"status":"ACTIVE","entryPoint":"uploadFile","timeout":"60s","availableMemoryMb":256,"serviceAccountEmail":"quickutil-d2998@appspot.gserviceaccount.com","updateTime":"2025-07-06T16:18:51.781887112Z","versionId":"1","labels":{"firebase-functions-hash":"061a48b4edcf815684cc24e4358539b23eeb3ed6","deployment-tool":"cli-firebase"},"sourceUploadUrl":"https://storage.googleapis.com/uploads-546672387594.us-central1.cloudfunctions.appspot.com/55b3d1da-aed8-479b-b85a-98b52b6be476.zip","environmentVariables":{"FIREBASE_CONFIG":"{\"projectId\":\"quickutil-d2998\",\"storageBucket\":\"quickutil-d2998.firebasestorage.app\"}","GCLOUD_PROJECT":"quickutil-d2998","EVENTARC_CLOUD_EVENT_SOURCE":"projects/quickutil-d2998/locations/us-central1/functions/uploadFile"},"runtime":"nodejs18","ingressSettings":"ALLOW_ALL","buildId":"3d39e9f3-bd65-47b0-a377-9d4da885e357","buildEnvironmentVariables":{"GOOGLE_NODE_RUN_SCRIPTS":""},"buildName":"projects/768751015182/locations/us-central1/builds/3d39e9f3-bd65-47b0-a377-9d4da885e357","dockerRegistry":"ARTIFACT_REGISTRY","automaticUpdatePolicy":{},"buildServiceAccount":"projects/quickutil-d2998/serviceAccounts/768751015182-compute@developer.gserviceaccount.com","satisfiesPzi":true},{"name":"projects/quickutil-d2998/locations/us-central1/functions/healthCheck","httpsTrigger":{"url":"https://us-central1-quickutil-d2998.cloudfunctions.net/healthCheck","securityLevel":"SECURE_ALWAYS"},"status":"ACTIVE","entryPoint":"healthCheck","timeout":"60s","availableMemoryMb":256,"serviceAccountEmail":"quickutil-d2998@appspot.gserviceaccount.com","updateTime":"2025-07-06T16:16:57.577Z","versionId":"4","labels":{"firebase-functions-hash":"061a48b4edcf815684cc24e4358539b23eeb3ed6","deployment-tool":"cli-firebase"},"sourceUploadUrl":"https://storage.googleapis.com/uploads-546672387594.us-central1.cloudfunctions.appspot.com/55b3d1da-aed8-479b-b85a-98b52b6be476.zip","environmentVariables":{"FIREBASE_CONFIG":"{\"projectId\":\"quickutil-d2998\",\"storageBucket\":\"quickutil-d2998.firebasestorage.app\"}","GCLOUD_PROJECT":"quickutil-d2998","EVENTARC_CLOUD_EVENT_SOURCE":"projects/quickutil-d2998/locations/us-central1/functions/healthCheck"},"runtime":"nodejs18","ingressSettings":"ALLOW_ALL","buildId":"3d39e9f3-bd65-47b0-a377-9d4da885e357","buildEnvironmentVariables":{"GOOGLE_NODE_RUN_SCRIPTS":""},"buildName":"projects/768751015182/locations/us-central1/builds/3d39e9f3-bd65-47b0-a377-9d4da885e357","dockerRegistry":"ARTIFACT_REGISTRY","automaticUpdatePolicy":{},"buildServiceAccount":"projects/quickutil-d2998/serviceAccounts/768751015182-compute@developer.gserviceaccount.com","satisfiesPzi":true},{"name":"projects/quickutil-d2998/locations/us-central1/functions/deleteFile","httpsTrigger":{"url":"https://us-central1-quickutil-d2998.cloudfunctions.net/deleteFile","securityLevel":"SECURE_ALWAYS"},"status":"ACTIVE","entryPoint":"deleteFile","timeout":"60s","availableMemoryMb":256,"serviceAccountEmail":"quickutil-d2998@appspot.gserviceaccount.com","updateTime":"2025-07-06T16:21:09.080041488Z","versionId":"1","labels":{"deployment-tool":"cli-firebase","firebase-functions-hash":"061a48b4edcf815684cc24e4358539b23eeb3ed6"},"sourceUploadUrl":"https://storage.googleapis.com/uploads-546672387594.us-central1.cloudfunctions.appspot.com/55b3d1da-aed8-479b-b85a-98b52b6be476.zip","environmentVariables":{"FIREBASE_CONFIG":"{\"projectId\":\"quickutil-d2998\",\"storageBucket\":\"quickutil-d2998.firebasestorage.app\"}","GCLOUD_PROJECT":"quickutil-d2998","EVENTARC_CLOUD_EVENT_SOURCE":"projects/quickutil-d2998/locations/us-central1/functions/deleteFile"},"runtime":"nodejs18","ingressSettings":"ALLOW_ALL","buildId":"3d39e9f3-bd65-47b0-a377-9d4da885e357","buildEnvironmentVariables":{"GOOGLE_NODE_RUN_SCRIPTS":""},"buildName":"projects/768751015182/locations/us-central1/builds/3d39e9f3-bd65-47b0-a377-9d4da885e357","dockerRegistry":"ARTIFACT_REGISTRY","automaticUpdatePolicy":{},"buildServiceAccount":"projects/quickutil-d2998/serviceAccounts/768751015182-compute@developer.gserviceaccount.com","satisfiesPzi":true},{"name":"projects/quickutil-d2998/locations/us-central1/functions/listFiles","httpsTrigger":{"url":"https://us-central1-quickutil-d2998.cloudfunctions.net/listFiles","securityLevel":"SECURE_ALWAYS"},"status":"ACTIVE","entryPoint":"listFiles","timeout":"60s","availableMemoryMb":256,"serviceAccountEmail":"quickutil-d2998@appspot.gserviceaccount.com","updateTime":"2025-07-06T16:20:22.384514025Z","versionId":"1","labels":{"deployment-tool":"cli-firebase","firebase-functions-hash":"061a48b4edcf815684cc24e4358539b23eeb3ed6"},"sourceUploadUrl":"https://storage.googleapis.com/uploads-546672387594.us-central1.cloudfunctions.appspot.com/55b3d1da-aed8-479b-b85a-98b52b6be476.zip","environmentVariables":{"FIREBASE_CONFIG":"{\"projectId\":\"quickutil-d2998\",\"storageBucket\":\"quickutil-d2998.firebasestorage.app\"}","GCLOUD_PROJECT":"quickutil-d2998","EVENTARC_CLOUD_EVENT_SOURCE":"projects/quickutil-d2998/locations/us-central1/functions/listFiles"},"runtime":"nodejs18","ingressSettings":"ALLOW_ALL","buildId":"3d39e9f3-bd65-47b0-a377-9d4da885e357","buildEnvironmentVariables":{"GOOGLE_NODE_RUN_SCRIPTS":""},"buildName":"projects/768751015182/locations/us-central1/builds/3d39e9f3-bd65-47b0-a377-9d4da885e357","dockerRegistry":"ARTIFACT_REGISTRY","automaticUpdatePolicy":{},"buildServiceAccount":"projects/quickutil-d2998/serviceAccounts/768751015182-compute@developer.gserviceaccount.com","satisfiesPzi":true}]}
[debug] [2025-07-06T17:54:48.331Z] Checked if tokens are valid: true, expires at: 1751826298410
[debug] [2025-07-06T17:54:48.331Z] Checked if tokens are valid: true, expires at: 1751826298410
[debug] [2025-07-06T17:54:48.331Z] >>> [apiv2][query] GET https://cloudfunctions.googleapis.com/v2/projects/quickutil-d2998/locations/-/functions filter=environment%3D%22GEN_2%22
[debug] [2025-07-06T17:54:49.415Z] <<< [apiv2][status] GET https://cloudfunctions.googleapis.com/v2/projects/quickutil-d2998/locations/-/functions 200
[debug] [2025-07-06T17:54:49.416Z] <<< [apiv2][body] GET https://cloudfunctions.googleapis.com/v2/projects/quickutil-d2998/locations/-/functions {"functions":[{"name":"projects/quickutil-d2998/locations/us-central1/functions/cleanupExpiredFiles","buildConfig":{"build":"projects/768751015182/locations/us-central1/builds/0c988955-5384-4339-bf3b-62752ae8e023","runtime":"nodejs18","entryPoint":"cleanupExpiredFiles","source":{"storageSource":{"bucket":"gcf-v2-sources-768751015182-us-central1","object":"cleanupExpiredFiles/function-source.zip","generation":"1751814468698384"}},"environmentVariables":{"GOOGLE_NODE_RUN_SCRIPTS":""},"dockerRepository":"projects/quickutil-d2998/locations/us-central1/repositories/gcf-artifacts","serviceAccount":"projects/quickutil-d2998/serviceAccounts/768751015182-compute@developer.gserviceaccount.com","automaticUpdatePolicy":{}},"serviceConfig":{"service":"projects/quickutil-d2998/locations/us-central1/services/cleanupexpiredfiles","timeoutSeconds":60,"environmentVariables":{"FIREBASE_CONFIG":"{\"projectId\":\"quickutil-d2998\",\"storageBucket\":\"quickutil-d2998.firebasestorage.app\"}","GCLOUD_PROJECT":"quickutil-d2998","EVENTARC_CLOUD_EVENT_SOURCE":"projects/quickutil-d2998/locations/us-central1/services/cleanupExpiredFiles","FUNCTION_TARGET":"cleanupExpiredFiles","LOG_EXECUTION_ID":"true","FUNCTION_SIGNATURE_TYPE":"http"},"maxInstanceCount":20,"ingressSettings":"ALLOW_ALL","serviceAccountEmail":"768751015182-compute@developer.gserviceaccount.com","availableMemory":"256Mi","allTrafficOnLatestRevision":true,"revision":"cleanupexpiredfiles-00001-qon","maxInstanceRequestConcurrency":80,"availableCpu":"1"},"state":"ACTIVE","updateTime":"2025-07-06T15:07:56.545800595Z","labels":{"deployment-tool":"cli-firebase","deployment-scheduled":"true","firebase-functions-hash":"511bfc93c08dc772ffbde444ec8363e3fa4d545a"},"environment":"GEN_2","url":"https://us-central1-quickutil-d2998.cloudfunctions.net/cleanupExpiredFiles","createTime":"2025-07-06T15:05:01.078521290Z","satisfiesPzi":true}]}
[debug] [2025-07-06T17:54:49.421Z] Checked if tokens are valid: true, expires at: 1751826298410
[debug] [2025-07-06T17:54:49.421Z] Checked if tokens are valid: true, expires at: 1751826298410
[debug] [2025-07-06T17:54:49.421Z] >>> [apiv2][query] GET https://cloudresourcemanager.googleapis.com/v1/projects/quickutil-d2998 [none]
[debug] [2025-07-06T17:54:49.636Z] <<< [apiv2][status] GET https://cloudresourcemanager.googleapis.com/v1/projects/quickutil-d2998 200
[debug] [2025-07-06T17:54:49.636Z] <<< [apiv2][body] GET https://cloudresourcemanager.googleapis.com/v1/projects/quickutil-d2998 {"projectNumber":"768751015182","projectId":"quickutil-d2998","lifecycleState":"ACTIVE","name":"quickutil","labels":{"firebase":"enabled","firebase-core":"disabled"},"createTime":"2025-07-05T10:13:28.741001Z"}
[debug] [2025-07-06T17:54:49.638Z] Checked if tokens are valid: true, expires at: 1751826298410
[debug] [2025-07-06T17:54:49.638Z] Checked if tokens are valid: true, expires at: 1751826298410
[debug] [2025-07-06T17:54:49.638Z] >>> [apiv2][query] POST https://firebasehosting.googleapis.com/v1beta1/projects/-/sites/quickutil-d2998/versions [none]
[debug] [2025-07-06T17:54:49.638Z] >>> [apiv2][body] POST https://firebasehosting.googleapis.com/v1beta1/projects/-/sites/quickutil-d2998/versions {"status":"CREATED","labels":{"deployment-tool":"cli-firebase"}}
[debug] [2025-07-06T17:54:51.012Z] <<< [apiv2][status] POST https://firebasehosting.googleapis.com/v1beta1/projects/-/sites/quickutil-d2998/versions 200
[debug] [2025-07-06T17:54:51.012Z] <<< [apiv2][body] POST https://firebasehosting.googleapis.com/v1beta1/projects/-/sites/quickutil-d2998/versions {"name":"projects/768751015182/sites/quickutil-d2998/versions/2807fddb13069429","status":"CREATED","config":{},"labels":{"deployment-tool":"cli-firebase"}}
[debug] [2025-07-06T17:54:51.012Z] Checked if tokens are valid: true, expires at: 1751826298410
[debug] [2025-07-06T17:54:51.012Z] Checked if tokens are valid: true, expires at: 1751826298410
[debug] [2025-07-06T17:54:51.013Z] >>> [apiv2][query] GET https://firebaserules.googleapis.com/v1/projects/quickutil-d2998/releases pageSize=10&pageToken=
[debug] [2025-07-06T17:54:51.795Z] <<< [apiv2][status] GET https://firebaserules.googleapis.com/v1/projects/quickutil-d2998/releases 200
[debug] [2025-07-06T17:54:51.796Z] <<< [apiv2][body] GET https://firebaserules.googleapis.com/v1/projects/quickutil-d2998/releases {"releases":[{"name":"projects/quickutil-d2998/releases/cloud.firestore","rulesetName":"projects/quickutil-d2998/rulesets/1c5b20fa-b866-4b28-82c0-696c56771a5c","createTime":"2025-07-05T10:16:55.991907Z","updateTime":"2025-07-06T16:50:44.705966Z"},{"name":"projects/quickutil-d2998/releases/firebase.storage/quickutil-d2998.firebasestorage.app","rulesetName":"projects/quickutil-d2998/rulesets/84e99ae3-faa3-4b1d-b21c-5d53159e64da","createTime":"2025-07-05T10:16:25.490430Z","updateTime":"2025-07-06T16:50:43.822571Z"}]}
[debug] [2025-07-06T17:54:51.809Z] Checked if tokens are valid: true, expires at: 1751826298410
[debug] [2025-07-06T17:54:51.809Z] Checked if tokens are valid: true, expires at: 1751826298410
[debug] [2025-07-06T17:54:51.809Z] >>> [apiv2][query] GET https://firebaserules.googleapis.com/v1/projects/quickutil-d2998/rulesets/84e99ae3-faa3-4b1d-b21c-5d53159e64da [none]
[debug] [2025-07-06T17:54:52.108Z] <<< [apiv2][status] GET https://firebaserules.googleapis.com/v1/projects/quickutil-d2998/rulesets/84e99ae3-faa3-4b1d-b21c-5d53159e64da 200
[debug] [2025-07-06T17:54:52.108Z] <<< [apiv2][body] GET https://firebaserules.googleapis.com/v1/projects/quickutil-d2998/rulesets/84e99ae3-faa3-4b1d-b21c-5d53159e64da [omitted]
[info] i  storage: latest version of storage.rules already up to date, skipping upload... 
[debug] [2025-07-06T17:54:52.110Z] Checked if tokens are valid: true, expires at: 1751826298410
[debug] [2025-07-06T17:54:52.110Z] Checked if tokens are valid: true, expires at: 1751826298410
[debug] [2025-07-06T17:54:52.110Z] >>> [apiv2][query] GET https://firestore.googleapis.com/v1/projects/quickutil-d2998/databases/(default) [none]
[debug] [2025-07-06T17:54:53.110Z] <<< [apiv2][status] GET https://firestore.googleapis.com/v1/projects/quickutil-d2998/databases/(default) 200
[debug] [2025-07-06T17:54:53.110Z] <<< [apiv2][body] GET https://firestore.googleapis.com/v1/projects/quickutil-d2998/databases/(default) {"name":"projects/quickutil-d2998/databases/(default)","uid":"13483058-33d2-424c-a75c-8f7da62ff790","createTime":"2025-07-05T10:16:53.533457Z","updateTime":"2025-07-05T10:16:53.533457Z","locationId":"nam5","type":"FIRESTORE_NATIVE","concurrencyMode":"PESSIMISTIC","versionRetentionPeriod":"3600s","earliestVersionTime":"2025-07-06T16:54:53.093312Z","appEngineIntegrationMode":"DISABLED","keyPrefix":"s","pointInTimeRecoveryEnablement":"POINT_IN_TIME_RECOVERY_DISABLED","deleteProtectionState":"DELETE_PROTECTION_DISABLED","databaseEdition":"STANDARD","freeTier":true,"etag":"INK++uTmqI4DMIGZzYbMpY4D"}
[debug] [2025-07-06T17:54:53.111Z] Checked if tokens are valid: true, expires at: 1751826298410
[debug] [2025-07-06T17:54:53.111Z] Checked if tokens are valid: true, expires at: 1751826298410
[debug] [2025-07-06T17:54:53.111Z] >>> [apiv2][query] GET https://firebaserules.googleapis.com/v1/projects/quickutil-d2998/releases pageSize=10&pageToken=
[debug] [2025-07-06T17:54:53.824Z] <<< [apiv2][status] GET https://firebaserules.googleapis.com/v1/projects/quickutil-d2998/releases 200
[debug] [2025-07-06T17:54:53.824Z] <<< [apiv2][body] GET https://firebaserules.googleapis.com/v1/projects/quickutil-d2998/releases {"releases":[{"name":"projects/quickutil-d2998/releases/cloud.firestore","rulesetName":"projects/quickutil-d2998/rulesets/1c5b20fa-b866-4b28-82c0-696c56771a5c","createTime":"2025-07-05T10:16:55.991907Z","updateTime":"2025-07-06T16:50:44.705966Z"},{"name":"projects/quickutil-d2998/releases/firebase.storage/quickutil-d2998.firebasestorage.app","rulesetName":"projects/quickutil-d2998/rulesets/84e99ae3-faa3-4b1d-b21c-5d53159e64da","createTime":"2025-07-05T10:16:25.490430Z","updateTime":"2025-07-06T16:50:43.822571Z"}]}
[debug] [2025-07-06T17:54:53.824Z] Checked if tokens are valid: true, expires at: 1751826298410
[debug] [2025-07-06T17:54:53.824Z] Checked if tokens are valid: true, expires at: 1751826298410
[debug] [2025-07-06T17:54:53.824Z] >>> [apiv2][query] GET https://firebaserules.googleapis.com/v1/projects/quickutil-d2998/rulesets/1c5b20fa-b866-4b28-82c0-696c56771a5c [none]
[debug] [2025-07-06T17:54:54.134Z] <<< [apiv2][status] GET https://firebaserules.googleapis.com/v1/projects/quickutil-d2998/rulesets/1c5b20fa-b866-4b28-82c0-696c56771a5c 200
[debug] [2025-07-06T17:54:54.134Z] <<< [apiv2][body] GET https://firebaserules.googleapis.com/v1/projects/quickutil-d2998/rulesets/1c5b20fa-b866-4b28-82c0-696c56771a5c [omitted]
[info] i  firestore: latest version of firestore.rules already up to date, skipping upload... 
[info] i  firestore: deploying indexes... 
[debug] [2025-07-06T17:54:54.136Z] Checked if tokens are valid: true, expires at: 1751826298410
[debug] [2025-07-06T17:54:54.136Z] Checked if tokens are valid: true, expires at: 1751826298410
[debug] [2025-07-06T17:54:54.136Z] >>> [apiv2][query] GET https://firestore.googleapis.com/v1/projects/quickutil-d2998/databases/(default)/collectionGroups/-/indexes [none]
[debug] [2025-07-06T17:54:54.346Z] <<< [apiv2][status] GET https://firestore.googleapis.com/v1/projects/quickutil-d2998/databases/(default)/collectionGroups/-/indexes 200
[debug] [2025-07-06T17:54:54.346Z] <<< [apiv2][body] GET https://firestore.googleapis.com/v1/projects/quickutil-d2998/databases/(default)/collectionGroups/-/indexes {"indexes":[{"name":"projects/quickutil-d2998/databases/(default)/collectionGroups/userActivities/indexes/CICAgOjXh4EK","queryScope":"COLLECTION","fields":[{"fieldPath":"userId","order":"ASCENDING"},{"fieldPath":"timestamp","order":"DESCENDING"},{"fieldPath":"__name__","order":"DESCENDING"}],"state":"READY","density":"SPARSE_ALL"}]}
[debug] [2025-07-06T17:54:54.346Z] Checked if tokens are valid: true, expires at: 1751826298410
[debug] [2025-07-06T17:54:54.346Z] Checked if tokens are valid: true, expires at: 1751826298410
[debug] [2025-07-06T17:54:54.346Z] >>> [apiv2][query] GET https://firestore.googleapis.com/v1/projects/quickutil-d2998/databases/(default)/collectionGroups/-/fields?filter=indexConfig.usesAncestorConfig=false OR ttlConfig:* [none]
[debug] [2025-07-06T17:54:54.544Z] <<< [apiv2][status] GET https://firestore.googleapis.com/v1/projects/quickutil-d2998/databases/(default)/collectionGroups/-/fields?filter=indexConfig.usesAncestorConfig=false OR ttlConfig:* 200
[debug] [2025-07-06T17:54:54.545Z] <<< [apiv2][body] GET https://firestore.googleapis.com/v1/projects/quickutil-d2998/databases/(default)/collectionGroups/-/fields?filter=indexConfig.usesAncestorConfig=false OR ttlConfig:* {"fields":[{"name":"projects/quickutil-d2998/databases/(default)/collectionGroups/__default__/fields/*","indexConfig":{"indexes":[{"queryScope":"COLLECTION","fields":[{"fieldPath":"*","order":"ASCENDING"}],"state":"READY"},{"queryScope":"COLLECTION","fields":[{"fieldPath":"*","order":"DESCENDING"}],"state":"READY"},{"queryScope":"COLLECTION","fields":[{"fieldPath":"*","arrayConfig":"CONTAINS"}],"state":"READY"}]}}]}
[debug] [2025-07-06T17:54:54.545Z] Skipping existing index: {"collectionGroup":"userActivities","queryScope":"COLLECTION","fields":[{"fieldPath":"userId","order":"ASCENDING"},{"fieldPath":"timestamp","order":"DESCENDING"}]}
[info] ✔  firestore: deployed indexes in firestore.indexes.json successfully for (default) database 
[debug] [2025-07-06T17:54:54.545Z] Checked if tokens are valid: true, expires at: 1751826298410
[debug] [2025-07-06T17:54:54.545Z] Checked if tokens are valid: true, expires at: 1751826298410
[debug] [2025-07-06T17:54:54.545Z] >>> [apiv2][query] GET https://cloudbilling.googleapis.com/v1/projects/quickutil-d2998/billingInfo [none]
[debug] [2025-07-06T17:54:54.987Z] <<< [apiv2][status] GET https://cloudbilling.googleapis.com/v1/projects/quickutil-d2998/billingInfo 200
[debug] [2025-07-06T17:54:54.987Z] <<< [apiv2][body] GET https://cloudbilling.googleapis.com/v1/projects/quickutil-d2998/billingInfo {"name":"projects/quickutil-d2998/billingInfo","projectId":"quickutil-d2998","billingAccountName":"billingAccounts/01A733-22D95C-A2C469","billingEnabled":true}
[debug] [2025-07-06T17:54:54.988Z] Checked if tokens are valid: true, expires at: 1751826298410
[debug] [2025-07-06T17:54:54.988Z] Checked if tokens are valid: true, expires at: 1751826298410
[debug] [2025-07-06T17:54:54.988Z] >>> [apiv2][query] POST https://cloudfunctions.googleapis.com/v1/projects/quickutil-d2998/locations/us-central1/functions:generateUploadUrl [none]
[debug] [2025-07-06T17:54:54.988Z] >>> [apiv2][body] POST https://cloudfunctions.googleapis.com/v1/projects/quickutil-d2998/locations/us-central1/functions:generateUploadUrl {}
[debug] [2025-07-06T17:54:55.721Z] <<< [apiv2][status] POST https://cloudfunctions.googleapis.com/v1/projects/quickutil-d2998/locations/us-central1/functions:generateUploadUrl 200
[debug] [2025-07-06T17:54:55.721Z] <<< [apiv2][body] POST https://cloudfunctions.googleapis.com/v1/projects/quickutil-d2998/locations/us-central1/functions:generateUploadUrl {"uploadUrl":"https://storage.googleapis.com/uploads-546672387594.us-central1.cloudfunctions.appspot.com/d63efb11-0db2-44c8-ac27-db89b001cb8f.zip?GoogleAccessId=service-768751015182@gcf-admin-robot.iam.gserviceaccount.com&Expires=1751826295&Signature=bgeQYHFd2SlP1QVEkQTB50LdqDppq9GZwVFCWA8ng8LztcNSqf28VXuJ%2FeretM%2F9pdsod77Nn7Zk9M6APV8Ot0BHii2CgPbQ%2F%2BZJNfO9KdQFMyoavBcC%2BdpASmr5vL6mbLWtUsoUhkcz418b9uMU46G1W%2F%2F7UNNT3rRLk5fPqG8jZm6LGf1%2F0WTcTqlfHfpOhJN2bQen8AXowBLYWFEhkt%2Fwd%2FRtbStdbc8vioKbpqeU8oAyrch%2BwI6GYvCcbi4PGnOrK6c31pHdY%2Fef5KHA0iu210SLPZJlT4jhR%2BBxNRIB9JDiE2lmxiACUpU%2FPwIUQKvTG1hZ4X%2BEJ1DhS6uuKg%3D%3D"}
[debug] [2025-07-06T17:54:55.722Z] >>> [apiv2][query] PUT https://storage.googleapis.com/uploads-546672387594.us-central1.cloudfunctions.appspot.com/d63efb11-0db2-44c8-ac27-db89b001cb8f.zip GoogleAccessId=service-768751015182%40gcf-admin-robot.iam.gserviceaccount.com&Expires=1751826295&Signature=bgeQYHFd2SlP1QVEkQTB50LdqDppq9GZwVFCWA8ng8LztcNSqf28VXuJ%2FeretM%2F9pdsod77Nn7Zk9M6APV8Ot0BHii2CgPbQ%2F%2BZJNfO9KdQFMyoavBcC%2BdpASmr5vL6mbLWtUsoUhkcz418b9uMU46G1W%2F%2F7UNNT3rRLk5fPqG8jZm6LGf1%2F0WTcTqlfHfpOhJN2bQen8AXowBLYWFEhkt%2Fwd%2FRtbStdbc8vioKbpqeU8oAyrch%2BwI6GYvCcbi4PGnOrK6c31pHdY%2Fef5KHA0iu210SLPZJlT4jhR%2BBxNRIB9JDiE2lmxiACUpU%2FPwIUQKvTG1hZ4X%2BEJ1DhS6uuKg%3D%3D
[debug] [2025-07-06T17:54:55.722Z] >>> [apiv2][body] PUT https://storage.googleapis.com/uploads-546672387594.us-central1.cloudfunctions.appspot.com/d63efb11-0db2-44c8-ac27-db89b001cb8f.zip [stream]
[debug] [2025-07-06T17:54:56.323Z] <<< [apiv2][status] PUT https://storage.googleapis.com/uploads-546672387594.us-central1.cloudfunctions.appspot.com/d63efb11-0db2-44c8-ac27-db89b001cb8f.zip 200
[debug] [2025-07-06T17:54:56.324Z] <<< [apiv2][body] PUT https://storage.googleapis.com/uploads-546672387594.us-central1.cloudfunctions.appspot.com/d63efb11-0db2-44c8-ac27-db89b001cb8f.zip [omitted]
[info] ✔  functions: functions folder uploaded successfully 
[info] i  hosting[quickutil-d2998]: beginning deploy... 
[info] i  hosting[quickutil-d2998]: found 87 files in out 
[debug] [2025-07-06T17:54:56.488Z] [hosting] uploading with 200 concurrency
[debug] [2025-07-06T17:54:56.680Z] Checked if tokens are valid: true, expires at: 1751826298410
[debug] [2025-07-06T17:54:56.680Z] Checked if tokens are valid: true, expires at: 1751826298410
[debug] [2025-07-06T17:54:56.681Z] [hosting] hash cache [b3V0] stored for 87 files
[debug] [2025-07-06T17:54:56.681Z] [hosting][hash queue][FINAL] {"max":152,"min":17,"avg":58.08045977011494,"active":0,"complete":87,"success":87,"errored":0,"retried":0,"total":87,"elapsed":166}
[debug] [2025-07-06T17:54:56.682Z] >>> [apiv2][query] POST https://firebasehosting.googleapis.com/v1beta1/projects/768751015182/sites/quickutil-d2998/versions/2807fddb13069429:populateFiles [none]
[debug] [2025-07-06T17:54:56.682Z] >>> [apiv2][body] POST https://firebasehosting.googleapis.com/v1beta1/projects/768751015182/sites/quickutil-d2998/versions/2807fddb13069429:populateFiles {"files":{"/window.svg":"11deaca6eadbb148caace8a5fe4a67353112de0afc5da83005d4797e403ab4f1","/robots.txt":"edc74001e009552986b37d918f24d41062d43ff6f6e2e401a901f4e56804a7b5","/sw.js":"70f94218e4dab4c7fa4799be2e4fd75b7c414d89ba161b91cc19602a73bc2aad","/globe.svg":"ffe166407c928caa4d1640e2786d3385468043b3b9e6ea2282d4a3e370b3bc23","/file.svg":"154a8c2948836a88c695a789045bc44cc74c3d8958d5785a531d26324bc42cb1","/index.txt":"5ddfab330de35ebb25439a9bb668f5462a30f6f55e0492a398904d9f8ef64282","/index.html":"dd7a4d618625c4b3038fa3f4c69a12069863b812a7e59534b4c726ff5c36144c","/next.svg":"33c5c6ad1d08bb69d8026289530e377b4d6e2a96f24562e209fd1e1e9ccee64a","/verify-email/index.html":"0b78491f0d2db1b8ffadc5fb28d63813901613c1a42db3964a7693c1e78a110a","/profile/index.txt":"07986df14d3f0768cd3f2be7b7a44415bef14728f3c870a2039afdeaa29109d9","/404.html":"095ab6956a6bd678b19ed302e35d4e9b7a49b87a3d9a1228e57aa45a79c743ae","/pdf-convert/index.txt":"61be739b9366243705a0a01061f3da8e28220b42cc41f946c7b223a6684ba6a6","/vercel.svg":"9a61e768442ba3450026d0d69421315044931cbffaf8f6019f856ea82dd91e4e","/profile/index.html":"344afc1ac0849869ae31317e782c005f192e572738dc9b48c570799e5211b42f","/pdf-compress/index.txt":"0bd39adc16da0207de9d9116818914921d550e4cd67a9ab24e1030da309bec47","/image-convert/index.txt":"bc41d820cf7439c0cd76c17137ee0ef5406530b80e83487e6e26ea8ce60179ca","/pdf-compress/index.html":"11c71bbb38014fb34c9728ef633b348e772a81c8736a779d5938ad70b4aa6e81","/_next/static/media/97e0cb1ae144a2a9-s.woff2":"c0a05253ed4640e83bc0914cf5e55614621e512ad73872648183669c175bd15e","/sitemap.xml":"042ed967355c58d263f1592034875405bea2b14d1e1d42715b2b628a7281ffc1","/pdf-convert/index.html":"1875e2eb53f7a90c401a5b1f219eeae5d273a48cc5a6350947210a06e94fdb5d","/image-convert/index.html":"8245f546c59c00ca267287fc8c8182c51d1785f5259a29c2b44db8097a2f2fd5","/_next/static/css/0cb238642cf7133c.css":"72dcd3e7458c9a9b6eb0a00db2c734882515009a296ec6d05f7b05f19bab8d0f","/_next/static/chunks/vendors-fc717cc5-22780cc9abe71dc4.js":"8171956727e3f61ed4d181b657afa724d88982c8a8e2d5ffaba288089f1d74e5","/verify-email/index.txt":"2388c16dd200f94258798cffe541d6c40fddf6b66f5c003a68b5171ecdcb6653","/_next/static/chunks/vendors-f11ad0f1-fedf3d883ed129ea.js":"ceb2d593d9633a4ef9e71707006ccbc381facadd1d5339847d643602bb869133","/_next/static/chunks/vendors-a86c53cf-d52e0f701e7e7bb6.js":"ba0d22bf600b412563cf15d10e43764df0f3e15816e2a0713f4510ac1a345531","/_next/static/chunks/vendors-a4f2ac2e-aa3d163b652b7a2e.js":"fd303ab9aa20f873dae55aefbdd5965e004aa4ad1a3340648846be87f992597d","/_next/static/chunks/vendors-a73c26c6-2036b4b9fea7ce38.js":"c74d5ca985afb8987204f1f319204be2732e016ea287a14b9a5cf8f396043650","/_next/static/chunks/vendors-9c587c8a-9c97326ffdb4f7e1.js":"81f58b22c3a9fbbbd7c0ac46add2af5d6cc4b040fa6fb96a791256ea2e3070c2","/_next/static/chunks/webpack-f71dcacef14da401.js":"041df4b1a57e52457f3c22f37dc12978eb72ab16173f93d19b56f4c8f7e5d03f","/_next/static/chunks/vendors-9e6ddc97-3efa2c450909a5d1.js":"31d515f6798585a3684652faf3f5fe04f801f4dfaa00dc7771301ec7f75568f9","/_next/static/chunks/vendors-6bc75065-dd83f74d768e9676.js":"f2b983280fe0314833b54bfffd5770421c9223c64ac151f58c6189032a7a2268","/_next/static/chunks/vendors-b49fab05-16d8df08fd1f476b.js":"cc5cf7c10384d5b3ec7afda7997430b104b66ff7770ca3f48d6fefd734f29861","/_next/static/chunks/vendors-6808aa01-469c70f3c95f65d4.js":"169ada50dabf9f28c51e034a8ea38816ca0ae16c04acb8188f51c0ff23ab981b","/_next/static/chunks/vendors-85883426-d5634f69798071a3.js":"e9eb8214722e53da2752ecaf323784332a4751d2f2943ad295f7c9c3730d411c","/_next/static/chunks/vendors-99e47732-62f31b8118cfd045.js":"8168e0c77b679d3e8a993e1efbd030d41e8fa67f75fd0d80c7939fb13de3b086","/_next/static/chunks/vendors-51d47009-7851aae739b09c4c.js":"2bdaf6903c2acfdba086fd1f2109c965a83373c461d5219eeba4e67e42c6db01","/_next/static/chunks/vendors-c0d76f48-bfcd45acc1619a68.js":"0a60b9ba734b7a0dc30e4728234b2d9068aa3ad646536be20fa97fc44ca79388","/_next/static/media/df0a9ae256c0569c-s.woff2":"bbf2b69affb52c37fbd41b4c75ae7fc2f2421b70be2218dbe876cef0fcdc18a9","/favicon.ico":"04614fc32690cb60b39e472119b7f7aa91d88eaeb8511a7489f8cbe1552e6e59","/_next/static/media/581909926a08bbc8-s.woff2":"a670e3e678a065ca1dec171f26293e1ea9090e3881f4d4d72225219db23a0eb0","/_next/static/chunks/vendors-fa70753b-bdd35b7bae7121a2.js":"3b45fa3b7ae19b22aed7badc5af8850fa629753af4608bdc54d3fbf21e1e5fe3","/_next/static/media/55c55f0601d81cf3-s.woff2":"a7d7aa5ae49e5dcf968ea090516e3cae2701979abe3c6ec73ee652986051abfa","/_next/static/chunks/vendors-c3a08eae-9aaf09df634b72bc.js":"f998c4fe0eb4adcb356c45acc4d4bf177fd909760b14e14d447742cfe94b9320","/_next/static/media/26a46d62cd723877-s.woff2":"b22a6910246088d78508233470a3225b1eef08d2a0acb607f0b18a0bdf0943ab","/_next/static/media/e4af272ccee01ff0-s.p.woff2":"8c557ee38aa70398be376065b1f0e76e66d8d3ca5473a66bfd0e0f9caf0f3875","/_next/static/chunks/vendors-5c98ed0c-4a288e833d1bf2f0.js":"effcab978f1aaf017eb3e91d0795910a070a07d361acb3126c08b2c2f40b4f47","/_next/static/chunks/vendors-4e8e7ca0-ac026d15eadc0ff7.js":"c3e1ffb4cdf4b7615ee9e2bc813607de92d1a34761e6c56f05d9fb33041fdc1e","/_next/static/chunks/vendors-4aa88247-c8ebfe42822a68a1.js":"c5e59800d19a512bbc7fcbe8fd1cf7eb7b94df1e4d9b429ec3f652b031fa47e0","/_next/static/chunks/vendors-415f3169-c97f2b5b70dcfbd9.js":"e26ff388ada4f0dead565412b2047b9fb09022f8511f2cf6fdcdc9b07c591171","/_next/static/chunks/vendors-2ac4632b-793d64090c28c6be.js":"64e4828e3ced550af78ef988bce2cde9e76fe9f5189dc2d97ef917f40a0884b9","/_next/static/chunks/vendors-0fbe0e3f-9f0dbae0879511b8.js":"3d6bbf9e6b9affd32820a60c4cb97b76d3a630a92b14a993d439811622a07dbf","/_next/static/chunks/vendors-20c8af2b-50d3139d388b53de.js":"df69e4c5077f3f3c036e6dd66c9f69830f9e0cf354e1a5e8da8b1d5696db76c6","/_next/static/chunks/main-app-82c8db0558918eb4.js":"d0c31e83d38ced8ae5ae472044dd39e8c963e794179e7a4eded879072025c662","/_next/static/chunks/main-60811dafeb29abb5.js":"342723e2a8f4f222d7c05a5d06c0061ca97adb175a65de2c30566cc653cc26bd","/_next/static/chunks/vendors-2898f16f-3fbbf107a1c0c203.js":"46fc3ca72b0934fd6b65a2038fd181772aa1078e656112bcea272624010f2bf1","/_next/static/chunks/7314-b2018c68860b58b8.js":"e83c55ba81b3194bc06eeb0764c1572f5e1cded2a152440c7b15dc0ff2e5405c","/_next/static/chunks/7146-30e0e11dc563d59f.js":"551d6e291034033047b89fd93d2492b30bbe28d5d1933c9930c158bed4eb7ec6","/_next/static/chunks/5301-c4ff4137bb9e9db5.js":"889d8874f16291f989ef6b3f117de2498ef3040e534d365d6b6fd0f72056a163","/_next/static/chunks/4852.0ad6e009d2a80c9f.js":"7d7f56fd5f0f3759f2ac4cdf53a59b2d0d29f5f043475bcd999c777a66c2f160","/_next/static/chunks/4084-dcc1b443fabf8141.js":"a6541c95f12c115bbb766f537cd4042a447333cafdc6cbdeec8a87f68a1f766b","/_next/static/chunks/vendors-4a7382ad-03ec44d9c4956249.js":"ca737ebcc8c4a729113c4a91d284635f753da744e3f69b3ebd32adbf7243c49b","/_next/static/chunks/vendors-362d063c-2c46323b84ce8ade.js":"1501c9ba8acfccad2ac86707c89406684e0fc8761b144bccfa074dcced18aad2","/_next/static/chunks/vendors-2ced652b-b32eb5c4720ff019.js":"28deefdfb34ba9902ed5b6e24f3ba3e6906f3e7e32adb69c0982f5648f9a9c09","/_next/static/chunks/pages/_error-8563e5438d77e0f7.js":"85e11c33901b97f9b11b3ea620bd13a59ef21fbe5775c2c8702d0576622e31c0","/_next/static/chunks/pages/_app-c387bf8477cfc17a.js":"b1652c0f35ae095a019f7100801e99a05388174bff5e6991ba6daa1d1b4513a9","/_next/static/chunks/app/page-cd628317d7e8d41b.js":"9033c0ab05fad61ac588b465ba7d93dc12a6722bf746666d533ff15ed78df49d","/_next/static/chunks/app/verify-email/page-1789dabadd53ed64.js":"31eb0503f849854f0c84b838c91cdefaa5ac52d76178e0dcd08b4f122241c0fd","/_next/static/chunks/app/layout-2143c94398e92d9c.js":"e80830802a8fabb92a7ed02f724c1aa23246122083e92d1550a4247158b7a7a9","/_next/static/chunks/app/pdf-convert/page-8f3388cae536a425.js":"99519085268cbddf0756189e8d2fc50ece7aa13338fcdcb843b2e46f251fb812","/_next/static/chunks/app/profile/page-77fd9aeeecdd48d1.js":"e897cb245acf2164d140aa5bdddb6665e473571be58bff1935cc657fc4c37e77","/_next/static/chunks/app/_not-found/page-3c19562744176aeb.js":"508f7d46aef1832f200eb2e1b7c916efdebccd834268e28a396dc4bd2423220a","/_next/static/KW6xd1PYIuzBflvdyy_dw/_ssgManifest.js":"02dbc1aeab6ef0a6ff2ff9a1643158cf9bb38929945eaa343a3627dee9ba6778","/_next/static/KW6xd1PYIuzBflvdyy_dw/_buildManifest.js":"e75d198a83f15440807d98efad53e56696df0bf7d865090accbd98a45ea99c6b","/_next/static/chunks/app/pdf-compress/page-eb6674739ca9f68c.js":"abdd977aee336ec4aedfe66e74fa81f9513be4a4162db4e17e61fe4395be08e9","/_next/static/chunks/app/image-convert/page-a001138fb0608402.js":"b1743d32170250782e3078fbcd1f783fdf667c7815a7049a180bae475f4e2ce5","/404/index.html":"095ab6956a6bd678b19ed302e35d4e9b7a49b87a3d9a1228e57aa45a79c743ae","/_next/static/chunks/vendors-0892873f-15ebe31229f4b664.js":"84a0a59de22a71ce2bf27a9413078f23e9378bc7cfa19472b5751cb86874ede4","/_next/static/chunks/d441faa4-1dd3cb84e3d7333e.js":"89c0ea853945095176a9d0890d972ecb0d14e07c0bced2302379a5068bb63ed7","/_next/static/media/8e9860b6e62d6359-s.woff2":"b73d80e61b71aed2c1974e457ce449eeae68f9f5e937cafdac5243d81c34a76b","/_next/static/chunks/polyfills-42372ed130431b0a.js":"bea630d9824beca22855271c757404b58bb7b410c52a5e7d58d69ff26d9ddd0b","/_next/static/chunks/framework-28944b575e87ca56.js":"ced06d04b7ce17490bff804e2d7e23990dd3bd4adab1781c65db5c790ae45f1a","/_next/static/chunks/vendors-c651cbd0-18b920cb1e2be971.js":"26c7cf846c7d8c495985d8ed90f742292a9951b949d794a5a1ce9c80f324da60","/_next/static/chunks/4bd1b696-f6c942891c2e01cc.js":"695541b9d628c66aca588f7cef1094178fa91e3aa858b6c8cc535018386d1de4","/_next/static/chunks/bc9e92e6-4490e2e5538d5022.js":"b33046e93b60c3336c56aa0ddc89b4c8aff091a55c6f6ddebeb18d4acb965fc7","/_next/static/chunks/9b0008ae.3c18566620b9a150.js":"d6eb139463c9e71c0118d1779cdcab1636a40374b8561244b5bdc8fb952b552a","/js/pdf.worker.min.js":"9d8f5c750a130dfa04372269f07a3535f7c95a9069beff6ff77196141aa6a1f1"}}
[debug] [2025-07-06T17:54:58.196Z] <<< [apiv2][status] POST https://firebasehosting.googleapis.com/v1beta1/projects/768751015182/sites/quickutil-d2998/versions/2807fddb13069429:populateFiles 200
[debug] [2025-07-06T17:54:58.196Z] <<< [apiv2][body] POST https://firebasehosting.googleapis.com/v1beta1/projects/768751015182/sites/quickutil-d2998/versions/2807fddb13069429:populateFiles {"uploadRequiredHashes":["1875e2eb53f7a90c401a5b1f219eeae5d273a48cc5a6350947210a06e94fdb5d","11c71bbb38014fb34c9728ef633b348e772a81c8736a779d5938ad70b4aa6e81","095ab6956a6bd678b19ed302e35d4e9b7a49b87a3d9a1228e57aa45a79c743ae","8245f546c59c00ca267287fc8c8182c51d1785f5259a29c2b44db8097a2f2fd5","344afc1ac0849869ae31317e782c005f192e572738dc9b48c570799e5211b42f","07986df14d3f0768cd3f2be7b7a44415bef14728f3c870a2039afdeaa29109d9","abdd977aee336ec4aedfe66e74fa81f9513be4a4162db4e17e61fe4395be08e9","e897cb245acf2164d140aa5bdddb6665e473571be58bff1935cc657fc4c37e77","2388c16dd200f94258798cffe541d6c40fddf6b66f5c003a68b5171ecdcb6653","61be739b9366243705a0a01061f3da8e28220b42cc41f946c7b223a6684ba6a6","72dcd3e7458c9a9b6eb0a00db2c734882515009a296ec6d05f7b05f19bab8d0f","0b78491f0d2db1b8ffadc5fb28d63813901613c1a42db3964a7693c1e78a110a","551d6e291034033047b89fd93d2492b30bbe28d5d1933c9930c158bed4eb7ec6","28deefdfb34ba9902ed5b6e24f3ba3e6906f3e7e32adb69c0982f5648f9a9c09","dd7a4d618625c4b3038fa3f4c69a12069863b812a7e59534b4c726ff5c36144c","0bd39adc16da0207de9d9116818914921d550e4cd67a9ab24e1030da309bec47","e26ff388ada4f0dead565412b2047b9fb09022f8511f2cf6fdcdc9b07c591171","bc41d820cf7439c0cd76c17137ee0ef5406530b80e83487e6e26ea8ce60179ca","e80830802a8fabb92a7ed02f724c1aa23246122083e92d1550a4247158b7a7a9","5ddfab330de35ebb25439a9bb668f5462a30f6f55e0492a398904d9f8ef64282"],"uploadUrl":"https://upload-firebasehosting.googleapis.com/upload/sites/quickutil-d2998/versions/2807fddb13069429/files"}
[debug] [2025-07-06T17:54:58.197Z] Checked if tokens are valid: true, expires at: 1751826298410
[debug] [2025-07-06T17:54:58.197Z] Checked if tokens are valid: true, expires at: 1751826298410
[debug] [2025-07-06T17:54:58.197Z] Checked if tokens are valid: true, expires at: 1751826298410
[debug] [2025-07-06T17:54:58.197Z] Checked if tokens are valid: true, expires at: 1751826298410
[debug] [2025-07-06T17:54:58.197Z] Checked if tokens are valid: true, expires at: 1751826298410
[debug] [2025-07-06T17:54:58.197Z] Checked if tokens are valid: true, expires at: 1751826298410
[debug] [2025-07-06T17:54:58.197Z] Checked if tokens are valid: true, expires at: 1751826298410
[debug] [2025-07-06T17:54:58.197Z] Checked if tokens are valid: true, expires at: 1751826298410
[debug] [2025-07-06T17:54:58.197Z] Checked if tokens are valid: true, expires at: 1751826298410
[debug] [2025-07-06T17:54:58.197Z] Checked if tokens are valid: true, expires at: 1751826298410
[debug] [2025-07-06T17:54:58.197Z] Checked if tokens are valid: true, expires at: 1751826298410
[debug] [2025-07-06T17:54:58.197Z] Checked if tokens are valid: true, expires at: 1751826298410
[debug] [2025-07-06T17:54:58.197Z] Checked if tokens are valid: true, expires at: 1751826298410
[debug] [2025-07-06T17:54:58.197Z] Checked if tokens are valid: true, expires at: 1751826298410
[debug] [2025-07-06T17:54:58.197Z] Checked if tokens are valid: true, expires at: 1751826298410
[debug] [2025-07-06T17:54:58.197Z] Checked if tokens are valid: true, expires at: 1751826298410
[debug] [2025-07-06T17:54:58.197Z] Checked if tokens are valid: true, expires at: 1751826298410
[debug] [2025-07-06T17:54:58.197Z] Checked if tokens are valid: true, expires at: 1751826298410
[debug] [2025-07-06T17:54:58.197Z] Checked if tokens are valid: true, expires at: 1751826298410
[debug] [2025-07-06T17:54:58.197Z] Checked if tokens are valid: true, expires at: 1751826298410
[debug] [2025-07-06T17:54:58.197Z] Checked if tokens are valid: true, expires at: 1751826298410
[debug] [2025-07-06T17:54:58.198Z] Checked if tokens are valid: true, expires at: 1751826298410
[debug] [2025-07-06T17:54:58.198Z] Checked if tokens are valid: true, expires at: 1751826298410
[debug] [2025-07-06T17:54:58.198Z] Checked if tokens are valid: true, expires at: 1751826298410
[debug] [2025-07-06T17:54:58.198Z] Checked if tokens are valid: true, expires at: 1751826298410
[debug] [2025-07-06T17:54:58.198Z] Checked if tokens are valid: true, expires at: 1751826298410
[debug] [2025-07-06T17:54:58.198Z] Checked if tokens are valid: true, expires at: 1751826298410
[debug] [2025-07-06T17:54:58.198Z] Checked if tokens are valid: true, expires at: 1751826298410
[debug] [2025-07-06T17:54:58.198Z] Checked if tokens are valid: true, expires at: 1751826298410
[debug] [2025-07-06T17:54:58.198Z] Checked if tokens are valid: true, expires at: 1751826298410
[debug] [2025-07-06T17:54:58.199Z] Checked if tokens are valid: true, expires at: 1751826298410
[debug] [2025-07-06T17:54:58.199Z] Checked if tokens are valid: true, expires at: 1751826298410
[debug] [2025-07-06T17:54:58.199Z] Checked if tokens are valid: true, expires at: 1751826298410
[debug] [2025-07-06T17:54:58.199Z] Checked if tokens are valid: true, expires at: 1751826298410
[debug] [2025-07-06T17:54:58.199Z] Checked if tokens are valid: true, expires at: 1751826298410
[debug] [2025-07-06T17:54:58.199Z] Checked if tokens are valid: true, expires at: 1751826298410
[debug] [2025-07-06T17:54:58.199Z] Checked if tokens are valid: true, expires at: 1751826298410
[debug] [2025-07-06T17:54:58.199Z] Checked if tokens are valid: true, expires at: 1751826298410
[debug] [2025-07-06T17:54:58.199Z] Checked if tokens are valid: true, expires at: 1751826298410
[debug] [2025-07-06T17:54:58.199Z] Checked if tokens are valid: true, expires at: 1751826298410
[debug] [2025-07-06T17:54:58.200Z] >>> [apiv2][query] POST https://upload-firebasehosting.googleapis.com/upload/sites/quickutil-d2998/versions/2807fddb13069429/files/1875e2eb53f7a90c401a5b1f219eeae5d273a48cc5a6350947210a06e94fdb5d [none]
[debug] [2025-07-06T17:54:58.200Z] >>> [apiv2][body] POST https://upload-firebasehosting.googleapis.com/upload/sites/quickutil-d2998/versions/2807fddb13069429/files/1875e2eb53f7a90c401a5b1f219eeae5d273a48cc5a6350947210a06e94fdb5d [stream]
[debug] [2025-07-06T17:54:58.201Z] >>> [apiv2][query] POST https://upload-firebasehosting.googleapis.com/upload/sites/quickutil-d2998/versions/2807fddb13069429/files/11c71bbb38014fb34c9728ef633b348e772a81c8736a779d5938ad70b4aa6e81 [none]
[debug] [2025-07-06T17:54:58.201Z] >>> [apiv2][body] POST https://upload-firebasehosting.googleapis.com/upload/sites/quickutil-d2998/versions/2807fddb13069429/files/11c71bbb38014fb34c9728ef633b348e772a81c8736a779d5938ad70b4aa6e81 [stream]
[debug] [2025-07-06T17:54:58.202Z] >>> [apiv2][query] POST https://upload-firebasehosting.googleapis.com/upload/sites/quickutil-d2998/versions/2807fddb13069429/files/095ab6956a6bd678b19ed302e35d4e9b7a49b87a3d9a1228e57aa45a79c743ae [none]
[debug] [2025-07-06T17:54:58.202Z] >>> [apiv2][body] POST https://upload-firebasehosting.googleapis.com/upload/sites/quickutil-d2998/versions/2807fddb13069429/files/095ab6956a6bd678b19ed302e35d4e9b7a49b87a3d9a1228e57aa45a79c743ae [stream]
[debug] [2025-07-06T17:54:58.203Z] >>> [apiv2][query] POST https://upload-firebasehosting.googleapis.com/upload/sites/quickutil-d2998/versions/2807fddb13069429/files/8245f546c59c00ca267287fc8c8182c51d1785f5259a29c2b44db8097a2f2fd5 [none]
[debug] [2025-07-06T17:54:58.203Z] >>> [apiv2][body] POST https://upload-firebasehosting.googleapis.com/upload/sites/quickutil-d2998/versions/2807fddb13069429/files/8245f546c59c00ca267287fc8c8182c51d1785f5259a29c2b44db8097a2f2fd5 [stream]
[debug] [2025-07-06T17:54:58.203Z] >>> [apiv2][query] POST https://upload-firebasehosting.googleapis.com/upload/sites/quickutil-d2998/versions/2807fddb13069429/files/344afc1ac0849869ae31317e782c005f192e572738dc9b48c570799e5211b42f [none]
[debug] [2025-07-06T17:54:58.203Z] >>> [apiv2][body] POST https://upload-firebasehosting.googleapis.com/upload/sites/quickutil-d2998/versions/2807fddb13069429/files/344afc1ac0849869ae31317e782c005f192e572738dc9b48c570799e5211b42f [stream]
[debug] [2025-07-06T17:54:58.204Z] >>> [apiv2][query] POST https://upload-firebasehosting.googleapis.com/upload/sites/quickutil-d2998/versions/2807fddb13069429/files/07986df14d3f0768cd3f2be7b7a44415bef14728f3c870a2039afdeaa29109d9 [none]
[debug] [2025-07-06T17:54:58.204Z] >>> [apiv2][body] POST https://upload-firebasehosting.googleapis.com/upload/sites/quickutil-d2998/versions/2807fddb13069429/files/07986df14d3f0768cd3f2be7b7a44415bef14728f3c870a2039afdeaa29109d9 [stream]
[debug] [2025-07-06T17:54:58.205Z] >>> [apiv2][query] POST https://upload-firebasehosting.googleapis.com/upload/sites/quickutil-d2998/versions/2807fddb13069429/files/abdd977aee336ec4aedfe66e74fa81f9513be4a4162db4e17e61fe4395be08e9 [none]
[debug] [2025-07-06T17:54:58.205Z] >>> [apiv2][body] POST https://upload-firebasehosting.googleapis.com/upload/sites/quickutil-d2998/versions/2807fddb13069429/files/abdd977aee336ec4aedfe66e74fa81f9513be4a4162db4e17e61fe4395be08e9 [stream]
[debug] [2025-07-06T17:54:58.205Z] >>> [apiv2][query] POST https://upload-firebasehosting.googleapis.com/upload/sites/quickutil-d2998/versions/2807fddb13069429/files/e897cb245acf2164d140aa5bdddb6665e473571be58bff1935cc657fc4c37e77 [none]
[debug] [2025-07-06T17:54:58.205Z] >>> [apiv2][body] POST https://upload-firebasehosting.googleapis.com/upload/sites/quickutil-d2998/versions/2807fddb13069429/files/e897cb245acf2164d140aa5bdddb6665e473571be58bff1935cc657fc4c37e77 [stream]
[debug] [2025-07-06T17:54:58.206Z] >>> [apiv2][query] POST https://upload-firebasehosting.googleapis.com/upload/sites/quickutil-d2998/versions/2807fddb13069429/files/2388c16dd200f94258798cffe541d6c40fddf6b66f5c003a68b5171ecdcb6653 [none]
[debug] [2025-07-06T17:54:58.206Z] >>> [apiv2][body] POST https://upload-firebasehosting.googleapis.com/upload/sites/quickutil-d2998/versions/2807fddb13069429/files/2388c16dd200f94258798cffe541d6c40fddf6b66f5c003a68b5171ecdcb6653 [stream]
[debug] [2025-07-06T17:54:58.207Z] >>> [apiv2][query] POST https://upload-firebasehosting.googleapis.com/upload/sites/quickutil-d2998/versions/2807fddb13069429/files/61be739b9366243705a0a01061f3da8e28220b42cc41f946c7b223a6684ba6a6 [none]
[debug] [2025-07-06T17:54:58.207Z] >>> [apiv2][body] POST https://upload-firebasehosting.googleapis.com/upload/sites/quickutil-d2998/versions/2807fddb13069429/files/61be739b9366243705a0a01061f3da8e28220b42cc41f946c7b223a6684ba6a6 [stream]
[debug] [2025-07-06T17:54:58.207Z] >>> [apiv2][query] POST https://upload-firebasehosting.googleapis.com/upload/sites/quickutil-d2998/versions/2807fddb13069429/files/72dcd3e7458c9a9b6eb0a00db2c734882515009a296ec6d05f7b05f19bab8d0f [none]
[debug] [2025-07-06T17:54:58.207Z] >>> [apiv2][body] POST https://upload-firebasehosting.googleapis.com/upload/sites/quickutil-d2998/versions/2807fddb13069429/files/72dcd3e7458c9a9b6eb0a00db2c734882515009a296ec6d05f7b05f19bab8d0f [stream]
[debug] [2025-07-06T17:54:58.207Z] >>> [apiv2][query] POST https://upload-firebasehosting.googleapis.com/upload/sites/quickutil-d2998/versions/2807fddb13069429/files/0b78491f0d2db1b8ffadc5fb28d63813901613c1a42db3964a7693c1e78a110a [none]
[debug] [2025-07-06T17:54:58.207Z] >>> [apiv2][body] POST https://upload-firebasehosting.googleapis.com/upload/sites/quickutil-d2998/versions/2807fddb13069429/files/0b78491f0d2db1b8ffadc5fb28d63813901613c1a42db3964a7693c1e78a110a [stream]
[debug] [2025-07-06T17:54:58.208Z] >>> [apiv2][query] POST https://upload-firebasehosting.googleapis.com/upload/sites/quickutil-d2998/versions/2807fddb13069429/files/551d6e291034033047b89fd93d2492b30bbe28d5d1933c9930c158bed4eb7ec6 [none]
[debug] [2025-07-06T17:54:58.208Z] >>> [apiv2][body] POST https://upload-firebasehosting.googleapis.com/upload/sites/quickutil-d2998/versions/2807fddb13069429/files/551d6e291034033047b89fd93d2492b30bbe28d5d1933c9930c158bed4eb7ec6 [stream]
[debug] [2025-07-06T17:54:58.208Z] >>> [apiv2][query] POST https://upload-firebasehosting.googleapis.com/upload/sites/quickutil-d2998/versions/2807fddb13069429/files/28deefdfb34ba9902ed5b6e24f3ba3e6906f3e7e32adb69c0982f5648f9a9c09 [none]
[debug] [2025-07-06T17:54:58.208Z] >>> [apiv2][body] POST https://upload-firebasehosting.googleapis.com/upload/sites/quickutil-d2998/versions/2807fddb13069429/files/28deefdfb34ba9902ed5b6e24f3ba3e6906f3e7e32adb69c0982f5648f9a9c09 [stream]
[debug] [2025-07-06T17:54:58.208Z] >>> [apiv2][query] POST https://upload-firebasehosting.googleapis.com/upload/sites/quickutil-d2998/versions/2807fddb13069429/files/dd7a4d618625c4b3038fa3f4c69a12069863b812a7e59534b4c726ff5c36144c [none]
[debug] [2025-07-06T17:54:58.208Z] >>> [apiv2][body] POST https://upload-firebasehosting.googleapis.com/upload/sites/quickutil-d2998/versions/2807fddb13069429/files/dd7a4d618625c4b3038fa3f4c69a12069863b812a7e59534b4c726ff5c36144c [stream]
[debug] [2025-07-06T17:54:58.210Z] >>> [apiv2][query] POST https://upload-firebasehosting.googleapis.com/upload/sites/quickutil-d2998/versions/2807fddb13069429/files/0bd39adc16da0207de9d9116818914921d550e4cd67a9ab24e1030da309bec47 [none]
[debug] [2025-07-06T17:54:58.210Z] >>> [apiv2][body] POST https://upload-firebasehosting.googleapis.com/upload/sites/quickutil-d2998/versions/2807fddb13069429/files/0bd39adc16da0207de9d9116818914921d550e4cd67a9ab24e1030da309bec47 [stream]
[debug] [2025-07-06T17:54:58.210Z] >>> [apiv2][query] POST https://upload-firebasehosting.googleapis.com/upload/sites/quickutil-d2998/versions/2807fddb13069429/files/e26ff388ada4f0dead565412b2047b9fb09022f8511f2cf6fdcdc9b07c591171 [none]
[debug] [2025-07-06T17:54:58.210Z] >>> [apiv2][body] POST https://upload-firebasehosting.googleapis.com/upload/sites/quickutil-d2998/versions/2807fddb13069429/files/e26ff388ada4f0dead565412b2047b9fb09022f8511f2cf6fdcdc9b07c591171 [stream]
[debug] [2025-07-06T17:54:58.211Z] >>> [apiv2][query] POST https://upload-firebasehosting.googleapis.com/upload/sites/quickutil-d2998/versions/2807fddb13069429/files/bc41d820cf7439c0cd76c17137ee0ef5406530b80e83487e6e26ea8ce60179ca [none]
[debug] [2025-07-06T17:54:58.211Z] >>> [apiv2][body] POST https://upload-firebasehosting.googleapis.com/upload/sites/quickutil-d2998/versions/2807fddb13069429/files/bc41d820cf7439c0cd76c17137ee0ef5406530b80e83487e6e26ea8ce60179ca [stream]
[debug] [2025-07-06T17:54:58.211Z] >>> [apiv2][query] POST https://upload-firebasehosting.googleapis.com/upload/sites/quickutil-d2998/versions/2807fddb13069429/files/e80830802a8fabb92a7ed02f724c1aa23246122083e92d1550a4247158b7a7a9 [none]
[debug] [2025-07-06T17:54:58.211Z] >>> [apiv2][body] POST https://upload-firebasehosting.googleapis.com/upload/sites/quickutil-d2998/versions/2807fddb13069429/files/e80830802a8fabb92a7ed02f724c1aa23246122083e92d1550a4247158b7a7a9 [stream]
[debug] [2025-07-06T17:54:58.212Z] >>> [apiv2][query] POST https://upload-firebasehosting.googleapis.com/upload/sites/quickutil-d2998/versions/2807fddb13069429/files/5ddfab330de35ebb25439a9bb668f5462a30f6f55e0492a398904d9f8ef64282 [none]
[debug] [2025-07-06T17:54:58.212Z] >>> [apiv2][body] POST https://upload-firebasehosting.googleapis.com/upload/sites/quickutil-d2998/versions/2807fddb13069429/files/5ddfab330de35ebb25439a9bb668f5462a30f6f55e0492a398904d9f8ef64282 [stream]
[debug] [2025-07-06T17:54:58.212Z] [hosting][populate queue][FINAL] {"max":1519,"min":1519,"avg":1519,"active":0,"complete":1,"success":1,"errored":0,"retried":0,"total":1,"elapsed":1532}
[debug] [2025-07-06T17:54:58.212Z] [hosting] uploads queued: 20
[debug] [2025-07-06T17:54:59.295Z] <<< [apiv2][status] POST https://upload-firebasehosting.googleapis.com/upload/sites/quickutil-d2998/versions/2807fddb13069429/files/2388c16dd200f94258798cffe541d6c40fddf6b66f5c003a68b5171ecdcb6653 200
[debug] [2025-07-06T17:54:59.295Z] <<< [apiv2][body] POST https://upload-firebasehosting.googleapis.com/upload/sites/quickutil-d2998/versions/2807fddb13069429/files/2388c16dd200f94258798cffe541d6c40fddf6b66f5c003a68b5171ecdcb6653 [stream]
[debug] [2025-07-06T17:54:59.303Z] <<< [apiv2][status] POST https://upload-firebasehosting.googleapis.com/upload/sites/quickutil-d2998/versions/2807fddb13069429/files/344afc1ac0849869ae31317e782c005f192e572738dc9b48c570799e5211b42f 200
[debug] [2025-07-06T17:54:59.304Z] <<< [apiv2][body] POST https://upload-firebasehosting.googleapis.com/upload/sites/quickutil-d2998/versions/2807fddb13069429/files/344afc1ac0849869ae31317e782c005f192e572738dc9b48c570799e5211b42f [stream]
[debug] [2025-07-06T17:54:59.306Z] <<< [apiv2][status] POST https://upload-firebasehosting.googleapis.com/upload/sites/quickutil-d2998/versions/2807fddb13069429/files/5ddfab330de35ebb25439a9bb668f5462a30f6f55e0492a398904d9f8ef64282 200
[debug] [2025-07-06T17:54:59.306Z] <<< [apiv2][body] POST https://upload-firebasehosting.googleapis.com/upload/sites/quickutil-d2998/versions/2807fddb13069429/files/5ddfab330de35ebb25439a9bb668f5462a30f6f55e0492a398904d9f8ef64282 [stream]
[debug] [2025-07-06T17:54:59.306Z] <<< [apiv2][status] POST https://upload-firebasehosting.googleapis.com/upload/sites/quickutil-d2998/versions/2807fddb13069429/files/0b78491f0d2db1b8ffadc5fb28d63813901613c1a42db3964a7693c1e78a110a 200
[debug] [2025-07-06T17:54:59.306Z] <<< [apiv2][body] POST https://upload-firebasehosting.googleapis.com/upload/sites/quickutil-d2998/versions/2807fddb13069429/files/0b78491f0d2db1b8ffadc5fb28d63813901613c1a42db3964a7693c1e78a110a [stream]
[debug] [2025-07-06T17:54:59.307Z] <<< [apiv2][status] POST https://upload-firebasehosting.googleapis.com/upload/sites/quickutil-d2998/versions/2807fddb13069429/files/0bd39adc16da0207de9d9116818914921d550e4cd67a9ab24e1030da309bec47 200
[debug] [2025-07-06T17:54:59.307Z] <<< [apiv2][body] POST https://upload-firebasehosting.googleapis.com/upload/sites/quickutil-d2998/versions/2807fddb13069429/files/0bd39adc16da0207de9d9116818914921d550e4cd67a9ab24e1030da309bec47 [stream]
[debug] [2025-07-06T17:54:59.328Z] <<< [apiv2][status] POST https://upload-firebasehosting.googleapis.com/upload/sites/quickutil-d2998/versions/2807fddb13069429/files/61be739b9366243705a0a01061f3da8e28220b42cc41f946c7b223a6684ba6a6 200
[debug] [2025-07-06T17:54:59.328Z] <<< [apiv2][body] POST https://upload-firebasehosting.googleapis.com/upload/sites/quickutil-d2998/versions/2807fddb13069429/files/61be739b9366243705a0a01061f3da8e28220b42cc41f946c7b223a6684ba6a6 [stream]
[debug] [2025-07-06T17:54:59.338Z] <<< [apiv2][status] POST https://upload-firebasehosting.googleapis.com/upload/sites/quickutil-d2998/versions/2807fddb13069429/files/1875e2eb53f7a90c401a5b1f219eeae5d273a48cc5a6350947210a06e94fdb5d 200
[debug] [2025-07-06T17:54:59.338Z] <<< [apiv2][body] POST https://upload-firebasehosting.googleapis.com/upload/sites/quickutil-d2998/versions/2807fddb13069429/files/1875e2eb53f7a90c401a5b1f219eeae5d273a48cc5a6350947210a06e94fdb5d [stream]
[debug] [2025-07-06T17:54:59.370Z] <<< [apiv2][status] POST https://upload-firebasehosting.googleapis.com/upload/sites/quickutil-d2998/versions/2807fddb13069429/files/11c71bbb38014fb34c9728ef633b348e772a81c8736a779d5938ad70b4aa6e81 200
[debug] [2025-07-06T17:54:59.370Z] <<< [apiv2][body] POST https://upload-firebasehosting.googleapis.com/upload/sites/quickutil-d2998/versions/2807fddb13069429/files/11c71bbb38014fb34c9728ef633b348e772a81c8736a779d5938ad70b4aa6e81 [stream]
[debug] [2025-07-06T17:54:59.371Z] <<< [apiv2][status] POST https://upload-firebasehosting.googleapis.com/upload/sites/quickutil-d2998/versions/2807fddb13069429/files/e80830802a8fabb92a7ed02f724c1aa23246122083e92d1550a4247158b7a7a9 200
[debug] [2025-07-06T17:54:59.371Z] <<< [apiv2][body] POST https://upload-firebasehosting.googleapis.com/upload/sites/quickutil-d2998/versions/2807fddb13069429/files/e80830802a8fabb92a7ed02f724c1aa23246122083e92d1550a4247158b7a7a9 [stream]
[debug] [2025-07-06T17:54:59.391Z] <<< [apiv2][status] POST https://upload-firebasehosting.googleapis.com/upload/sites/quickutil-d2998/versions/2807fddb13069429/files/551d6e291034033047b89fd93d2492b30bbe28d5d1933c9930c158bed4eb7ec6 200
[debug] [2025-07-06T17:54:59.391Z] <<< [apiv2][body] POST https://upload-firebasehosting.googleapis.com/upload/sites/quickutil-d2998/versions/2807fddb13069429/files/551d6e291034033047b89fd93d2492b30bbe28d5d1933c9930c158bed4eb7ec6 [stream]
[debug] [2025-07-06T17:54:59.416Z] <<< [apiv2][status] POST https://upload-firebasehosting.googleapis.com/upload/sites/quickutil-d2998/versions/2807fddb13069429/files/bc41d820cf7439c0cd76c17137ee0ef5406530b80e83487e6e26ea8ce60179ca 200
[debug] [2025-07-06T17:54:59.416Z] <<< [apiv2][body] POST https://upload-firebasehosting.googleapis.com/upload/sites/quickutil-d2998/versions/2807fddb13069429/files/bc41d820cf7439c0cd76c17137ee0ef5406530b80e83487e6e26ea8ce60179ca [stream]
[debug] [2025-07-06T17:54:59.449Z] <<< [apiv2][status] POST https://upload-firebasehosting.googleapis.com/upload/sites/quickutil-d2998/versions/2807fddb13069429/files/72dcd3e7458c9a9b6eb0a00db2c734882515009a296ec6d05f7b05f19bab8d0f 200
[debug] [2025-07-06T17:54:59.449Z] <<< [apiv2][body] POST https://upload-firebasehosting.googleapis.com/upload/sites/quickutil-d2998/versions/2807fddb13069429/files/72dcd3e7458c9a9b6eb0a00db2c734882515009a296ec6d05f7b05f19bab8d0f [stream]
[debug] [2025-07-06T17:54:59.586Z] <<< [apiv2][status] POST https://upload-firebasehosting.googleapis.com/upload/sites/quickutil-d2998/versions/2807fddb13069429/files/07986df14d3f0768cd3f2be7b7a44415bef14728f3c870a2039afdeaa29109d9 200
[debug] [2025-07-06T17:54:59.586Z] <<< [apiv2][body] POST https://upload-firebasehosting.googleapis.com/upload/sites/quickutil-d2998/versions/2807fddb13069429/files/07986df14d3f0768cd3f2be7b7a44415bef14728f3c870a2039afdeaa29109d9 [stream]
[debug] [2025-07-06T17:54:59.606Z] <<< [apiv2][status] POST https://upload-firebasehosting.googleapis.com/upload/sites/quickutil-d2998/versions/2807fddb13069429/files/8245f546c59c00ca267287fc8c8182c51d1785f5259a29c2b44db8097a2f2fd5 200
[debug] [2025-07-06T17:54:59.606Z] <<< [apiv2][body] POST https://upload-firebasehosting.googleapis.com/upload/sites/quickutil-d2998/versions/2807fddb13069429/files/8245f546c59c00ca267287fc8c8182c51d1785f5259a29c2b44db8097a2f2fd5 [stream]
[debug] [2025-07-06T17:54:59.628Z] <<< [apiv2][status] POST https://upload-firebasehosting.googleapis.com/upload/sites/quickutil-d2998/versions/2807fddb13069429/files/28deefdfb34ba9902ed5b6e24f3ba3e6906f3e7e32adb69c0982f5648f9a9c09 200
[debug] [2025-07-06T17:54:59.628Z] <<< [apiv2][body] POST https://upload-firebasehosting.googleapis.com/upload/sites/quickutil-d2998/versions/2807fddb13069429/files/28deefdfb34ba9902ed5b6e24f3ba3e6906f3e7e32adb69c0982f5648f9a9c09 [stream]
[debug] [2025-07-06T17:54:59.629Z] <<< [apiv2][status] POST https://upload-firebasehosting.googleapis.com/upload/sites/quickutil-d2998/versions/2807fddb13069429/files/e26ff388ada4f0dead565412b2047b9fb09022f8511f2cf6fdcdc9b07c591171 200
[debug] [2025-07-06T17:54:59.629Z] <<< [apiv2][body] POST https://upload-firebasehosting.googleapis.com/upload/sites/quickutil-d2998/versions/2807fddb13069429/files/e26ff388ada4f0dead565412b2047b9fb09022f8511f2cf6fdcdc9b07c591171 [stream]
[debug] [2025-07-06T17:54:59.647Z] <<< [apiv2][status] POST https://upload-firebasehosting.googleapis.com/upload/sites/quickutil-d2998/versions/2807fddb13069429/files/abdd977aee336ec4aedfe66e74fa81f9513be4a4162db4e17e61fe4395be08e9 200
[debug] [2025-07-06T17:54:59.647Z] <<< [apiv2][body] POST https://upload-firebasehosting.googleapis.com/upload/sites/quickutil-d2998/versions/2807fddb13069429/files/abdd977aee336ec4aedfe66e74fa81f9513be4a4162db4e17e61fe4395be08e9 [stream]
[debug] [2025-07-06T17:54:59.673Z] <<< [apiv2][status] POST https://upload-firebasehosting.googleapis.com/upload/sites/quickutil-d2998/versions/2807fddb13069429/files/e897cb245acf2164d140aa5bdddb6665e473571be58bff1935cc657fc4c37e77 200
[debug] [2025-07-06T17:54:59.674Z] <<< [apiv2][body] POST https://upload-firebasehosting.googleapis.com/upload/sites/quickutil-d2998/versions/2807fddb13069429/files/e897cb245acf2164d140aa5bdddb6665e473571be58bff1935cc657fc4c37e77 [stream]
[debug] [2025-07-06T17:54:59.793Z] <<< [apiv2][status] POST https://upload-firebasehosting.googleapis.com/upload/sites/quickutil-d2998/versions/2807fddb13069429/files/095ab6956a6bd678b19ed302e35d4e9b7a49b87a3d9a1228e57aa45a79c743ae 200
[debug] [2025-07-06T17:54:59.794Z] <<< [apiv2][body] POST https://upload-firebasehosting.googleapis.com/upload/sites/quickutil-d2998/versions/2807fddb13069429/files/095ab6956a6bd678b19ed302e35d4e9b7a49b87a3d9a1228e57aa45a79c743ae [stream]
[debug] [2025-07-06T17:54:59.884Z] <<< [apiv2][status] POST https://upload-firebasehosting.googleapis.com/upload/sites/quickutil-d2998/versions/2807fddb13069429/files/dd7a4d618625c4b3038fa3f4c69a12069863b812a7e59534b4c726ff5c36144c 200
[debug] [2025-07-06T17:54:59.884Z] <<< [apiv2][body] POST https://upload-firebasehosting.googleapis.com/upload/sites/quickutil-d2998/versions/2807fddb13069429/files/dd7a4d618625c4b3038fa3f4c69a12069863b812a7e59534b4c726ff5c36144c [stream]
[debug] [2025-07-06T17:54:59.884Z] [hosting][upload queue][FINAL] {"max":1686,"min":1098,"avg":1283.8,"active":0,"complete":20,"success":20,"errored":0,"retried":0,"total":20,"elapsed":1687}
[info] ✔  hosting[quickutil-d2998]: file upload complete 
[debug] [2025-07-06T17:54:59.885Z] [hosting] deploy completed after 3559ms
[debug] [2025-07-06T17:54:59.885Z] [rules] releasing firebase.storage/quickutil-d2998.firebasestorage.app with ruleset projects/quickutil-d2998/rulesets/84e99ae3-faa3-4b1d-b21c-5d53159e64da
[debug] [2025-07-06T17:54:59.885Z] Checked if tokens are valid: true, expires at: 1751826298410
[debug] [2025-07-06T17:54:59.885Z] Checked if tokens are valid: true, expires at: 1751826298410
[debug] [2025-07-06T17:54:59.885Z] >>> [apiv2][query] PATCH https://firebaserules.googleapis.com/v1/projects/quickutil-d2998/releases/firebase.storage/quickutil-d2998.firebasestorage.app [none]
[debug] [2025-07-06T17:54:59.885Z] >>> [apiv2][body] PATCH https://firebaserules.googleapis.com/v1/projects/quickutil-d2998/releases/firebase.storage/quickutil-d2998.firebasestorage.app {"release":{"name":"projects/quickutil-d2998/releases/firebase.storage/quickutil-d2998.firebasestorage.app","rulesetName":"projects/quickutil-d2998/rulesets/84e99ae3-faa3-4b1d-b21c-5d53159e64da"}}
[debug] [2025-07-06T17:55:00.836Z] <<< [apiv2][status] PATCH https://firebaserules.googleapis.com/v1/projects/quickutil-d2998/releases/firebase.storage/quickutil-d2998.firebasestorage.app 200
[debug] [2025-07-06T17:55:00.836Z] <<< [apiv2][body] PATCH https://firebaserules.googleapis.com/v1/projects/quickutil-d2998/releases/firebase.storage/quickutil-d2998.firebasestorage.app {"name":"projects/quickutil-d2998/releases/firebase.storage/quickutil-d2998.firebasestorage.app","rulesetName":"projects/quickutil-d2998/rulesets/84e99ae3-faa3-4b1d-b21c-5d53159e64da","createTime":"2025-07-05T10:16:25.490430Z","updateTime":"2025-07-06T17:55:00.792410Z"}
[debug] [2025-07-06T17:55:00.836Z] [rules] updated release projects/quickutil-d2998/releases/firebase.storage/quickutil-d2998.firebasestorage.app
[info] ✔  storage: released rules storage.rules to firebase.storage 
[debug] [2025-07-06T17:55:00.836Z] [rules] releasing cloud.firestore/(default) with ruleset projects/quickutil-d2998/rulesets/1c5b20fa-b866-4b28-82c0-696c56771a5c
[debug] [2025-07-06T17:55:00.836Z] Checked if tokens are valid: true, expires at: 1751826298410
[debug] [2025-07-06T17:55:00.836Z] Checked if tokens are valid: true, expires at: 1751826298410
[debug] [2025-07-06T17:55:00.837Z] >>> [apiv2][query] PATCH https://firebaserules.googleapis.com/v1/projects/quickutil-d2998/releases/cloud.firestore/(default) [none]
[debug] [2025-07-06T17:55:00.837Z] >>> [apiv2][body] PATCH https://firebaserules.googleapis.com/v1/projects/quickutil-d2998/releases/cloud.firestore/(default) {"release":{"name":"projects/quickutil-d2998/releases/cloud.firestore/(default)","rulesetName":"projects/quickutil-d2998/rulesets/1c5b20fa-b866-4b28-82c0-696c56771a5c"}}
[debug] [2025-07-06T17:55:01.746Z] <<< [apiv2][status] PATCH https://firebaserules.googleapis.com/v1/projects/quickutil-d2998/releases/cloud.firestore/(default) 200
[debug] [2025-07-06T17:55:01.746Z] <<< [apiv2][body] PATCH https://firebaserules.googleapis.com/v1/projects/quickutil-d2998/releases/cloud.firestore/(default) {"name":"projects/quickutil-d2998/releases/cloud.firestore","rulesetName":"projects/quickutil-d2998/rulesets/1c5b20fa-b866-4b28-82c0-696c56771a5c","createTime":"2025-07-05T10:16:55.991907Z","updateTime":"2025-07-06T17:55:01.703241Z"}
[debug] [2025-07-06T17:55:01.746Z] [rules] updated release projects/quickutil-d2998/releases/cloud.firestore
[info] ✔  firestore: released rules firestore.rules to cloud.firestore 
[info] i  functions: Skipping the deploy of unchanged functions. 
[info] 
The following functions are found in your project but do not exist in your local source code:
	cleanupExpiredFiles(us-central1)

If you are renaming a function or changing its region, it is recommended that you create the new function first before deleting the old one to prevent event loss. For more info, visit https://firebase.google.com/docs/functions/manage-functions#modify

[info] ✔  functions[healthCheck(us-central1)] Skipped (No changes detected) 
[info] ✔  functions[uploadFile(us-central1)] Skipped (No changes detected) 
[info] ✔  functions[listFiles(us-central1)] Skipped (No changes detected) 
[info] ✔  functions[deleteFile(us-central1)] Skipped (No changes detected) 
[info] ✔  functions[downloadFile(us-central1)] Skipped (No changes detected) 
[info] ✔  functions[getQuotaInfo(us-central1)] Skipped (No changes detected) 
[info] i  functions: deleting Node.js 18 (2nd Gen) function cleanupExpiredFiles(us-central1)... 
[debug] [2025-07-06T17:55:05.651Z] Checked if tokens are valid: true, expires at: 1751826298410
[debug] [2025-07-06T17:55:05.651Z] Checked if tokens are valid: true, expires at: 1751826298410
[debug] [2025-07-06T17:55:05.651Z] >>> [apiv2][query] DELETE https://cloudscheduler.googleapis.com/v1/projects/quickutil-d2998/locations/us-central1/jobs/firebase-schedule-cleanupExpiredFiles-us-central1 [none]
[debug] [2025-07-06T17:55:11.398Z] <<< [apiv2][status] DELETE https://cloudscheduler.googleapis.com/v1/projects/quickutil-d2998/locations/us-central1/jobs/firebase-schedule-cleanupExpiredFiles-us-central1 404
[debug] [2025-07-06T17:55:11.399Z] <<< [apiv2][body] DELETE https://cloudscheduler.googleapis.com/v1/projects/quickutil-d2998/locations/us-central1/jobs/firebase-schedule-cleanupExpiredFiles-us-central1 {"error":{"code":404,"message":"Job not found.","status":"NOT_FOUND"}}
[error] Request to https://cloudscheduler.googleapis.com/v1/projects/quickutil-d2998/locations/us-central1/jobs/firebase-schedule-cleanupExpiredFiles-us-central1 had HTTP Error: 404, Job not found.
[debug] [2025-07-06T17:55:11.401Z] Total Function Deployment time: 5749
[debug] [2025-07-06T17:55:11.402Z] 1 Functions Deployed
[debug] [2025-07-06T17:55:11.402Z] 1 Functions Errored
[debug] [2025-07-06T17:55:11.402Z] 0 Function Deployments Aborted
[debug] [2025-07-06T17:55:11.402Z] Average Function Deployment time: 5748
[info] 
[info] Functions deploy had errors with the following functions:
	cleanupExpiredFiles(us-central1)
[debug] [2025-07-06T17:55:11.546Z] Not printing URL for HTTPS function. Typically this means it didn't match a filter or we failed deployment
[debug] [2025-07-06T17:55:11.546Z] Not printing URL for HTTPS function. Typically this means it didn't match a filter or we failed deployment
[debug] [2025-07-06T17:55:11.546Z] Not printing URL for HTTPS function. Typically this means it didn't match a filter or we failed deployment
[debug] [2025-07-06T17:55:11.546Z] Not printing URL for HTTPS function. Typically this means it didn't match a filter or we failed deployment
[debug] [2025-07-06T17:55:11.546Z] Not printing URL for HTTPS function. Typically this means it didn't match a filter or we failed deployment
[debug] [2025-07-06T17:55:11.546Z] Not printing URL for HTTPS function. Typically this means it didn't match a filter or we failed deployment
[debug] [2025-07-06T17:55:11.546Z] Checked if tokens are valid: true, expires at: 1751826298410
[debug] [2025-07-06T17:55:11.546Z] Checked if tokens are valid: true, expires at: 1751826298410
[debug] [2025-07-06T17:55:11.546Z] >>> [apiv2][query] GET https://artifactregistry.googleapis.com/v1/projects/quickutil-d2998/locations/us-central1/repositories/gcf-artifacts [none]
[debug] [2025-07-06T17:55:12.422Z] <<< [apiv2][status] GET https://artifactregistry.googleapis.com/v1/projects/quickutil-d2998/locations/us-central1/repositories/gcf-artifacts 200
[debug] [2025-07-06T17:55:12.422Z] <<< [apiv2][body] GET https://artifactregistry.googleapis.com/v1/projects/quickutil-d2998/locations/us-central1/repositories/gcf-artifacts {"name":"projects/quickutil-d2998/locations/us-central1/repositories/gcf-artifacts","format":"DOCKER","description":"This repository is created and used by Cloud Functions for storing function docker images.","labels":{"goog-managed-by":"cloudfunctions"},"createTime":"2025-07-06T12:38:50.039412Z","updateTime":"2025-07-06T16:16:57.779535Z","mode":"STANDARD_REPOSITORY","cleanupPolicies":{"firebase-functions-cleanup":{"id":"firebase-functions-cleanup","action":"DELETE","condition":{"tagState":"ANY","olderThan":"86400s"}}},"sizeBytes":"1199807138","vulnerabilityScanningConfig":{"lastEnableTime":"2025-07-06T12:38:40.796507436Z","enablementState":"SCANNING_DISABLED","enablementStateReason":"API containerscanning.googleapis.com is not enabled."},"satisfiesPzi":true,"registryUri":"us-central1-docker.pkg.dev/quickutil-d2998/gcf-artifacts"}
[debug] [2025-07-06T17:55:12.422Z] Functions deploy failed.
[debug] [2025-07-06T17:55:12.422Z] {
  "endpoint": {
    "platform": "gcfv2",
    "id": "cleanupExpiredFiles",
    "project": "quickutil-d2998",
    "region": "us-central1",
    "scheduleTrigger": {},
    "entryPoint": "cleanupExpiredFiles",
    "runtime": "nodejs18",
    "source": {
      "storageSource": {
        "bucket": "gcf-v2-sources-768751015182-us-central1",
        "object": "cleanupExpiredFiles/function-source.zip",
        "generation": "1751814468698384"
      }
    },
    "ingressSettings": "ALLOW_ALL",
    "environmentVariables": {
      "FIREBASE_CONFIG": "{\"projectId\":\"quickutil-d2998\",\"storageBucket\":\"quickutil-d2998.firebasestorage.app\"}",
      "GCLOUD_PROJECT": "quickutil-d2998",
      "EVENTARC_CLOUD_EVENT_SOURCE": "projects/quickutil-d2998/locations/us-central1/services/cleanupExpiredFiles",
      "FUNCTION_TARGET": "cleanupExpiredFiles",
      "LOG_EXECUTION_ID": "true",
      "FUNCTION_SIGNATURE_TYPE": "http"
    },
    "timeoutSeconds": 60,
    "serviceAccount": "768751015182-compute@developer.gserviceaccount.com",
    "availableMemoryMb": 256,
    "cpu": 1,
    "maxInstances": 20,
    "concurrency": 80,
    "labels": {
      "deployment-tool": "cli-firebase",
      "deployment-scheduled": "true",
      "firebase-functions-hash": "511bfc93c08dc772ffbde444ec8363e3fa4d545a"
    },
    "runServiceId": "cleanupexpiredfiles",
    "uri": "https://us-central1-quickutil-d2998.cloudfunctions.net/cleanupExpiredFiles",
    "codebase": "default",
    "hash": "511bfc93c08dc772ffbde444ec8363e3fa4d545a",
    "state": "ACTIVE"
  },
  "op": "delete schedule",
  "original": {
    "name": "FirebaseError",
    "children": [],
    "context": {
      "body": {
        "error": {
          "code": 404,
          "message": "Job not found.",
          "status": "NOT_FOUND"
        }
      },
      "response": {
        "statusCode": 404
      }
    },
    "exit": 1,
    "message": "Request to https://cloudscheduler.googleapis.com/v1/projects/quickutil-d2998/locations/us-central1/jobs/firebase-schedule-cleanupExpiredFiles-us-central1 had HTTP Error: 404, Job not found.",
    "status": 404,
    "code": 404
  }
}
[debug] [2025-07-06T17:55:12.473Z] Error: Failed to delete schedule function cleanupExpiredFiles in region us-central1
    at /opt/homebrew/lib/node_modules/firebase-tools/lib/deploy/functions/release/fabricator.js:52:11
    at process.processTicksAndRejections (node:internal/process/task_queues:105:5)
    at async Fabricator.deleteScheduleV2 (/opt/homebrew/lib/node_modules/firebase-tools/lib/deploy/functions/release/fabricator.js:551:9)
    at async Fabricator.deleteTrigger (/opt/homebrew/lib/node_modules/firebase-tools/lib/deploy/functions/release/fabricator.js:499:17)
    at async Fabricator.deleteEndpoint (/opt/homebrew/lib/node_modules/firebase-tools/lib/deploy/functions/release/fabricator.js:163:9)
    at async handle (/opt/homebrew/lib/node_modules/firebase-tools/lib/deploy/functions/release/fabricator.js:89:17)
[error] 
[error] Error: There was an error deploying functions
